2021.11.28 16:12:29.408 [INFO] com.dreamteam.model2.Floor: [0;35mQueue at floor3, elevator2, queue size: 1[0m
2021.11.28 16:12:29.454 [INFO] com.dreamteam.utils.PassengerFactory: [0;36mNew user: Karina, ID: 0, Start floor: 3, Destination floor: 1, ElevatorA2[0m
2021.11.28 16:12:29.454 [INFO] com.dreamteam.model2.Floor: [0;35mQueue at floor2, elevator2, queue size: 1[0m
2021.11.28 16:12:29.456 [INFO] com.dreamteam.utils.PassengerFactory: [0;36mNew user: Tanchik, ID: 1, Start floor: 2, Destination floor: 13, ElevatorA2[0m
2021.11.28 16:12:29.462 [INFO] com.dreamteam.model2.Elevator: [0;33mElevator2 goes to user Karina0[0m
2021.11.28 16:12:29.471 [INFO] com.dreamteam.model2.Elevator: [0;34mUser Tanchik1 added to Elevator2 waiting list, size: 2[0m
2021.11.28 16:12:29.472 [INFO] com.dreamteam.model2.Elevator: [0;34mNo users left Elevator0[0m
2021.11.28 16:12:29.472 [INFO] com.dreamteam.model2.Elevator: [0;34mNo users left Elevator3[0m
2021.11.28 16:12:29.472 [INFO] com.dreamteam.model2.Elevator: [0;34mNo users left Elevator1[0m
2021.11.28 16:12:29.472 [INFO] com.dreamteam.model2.Elevator: [0;34mNo users left Elevator2[0m
2021.11.28 16:12:29.472 [INFO] com.dreamteam.model2.Elevator: [0;34mNo users left Elevator4[0m
2021.11.28 16:12:29.472 [INFO] com.dreamteam.model2.ElevatorA: [0;33mNo active and waiting users, elevator is free now[0m
2021.11.28 16:12:29.472 [INFO] com.dreamteam.model2.ElevatorA: [0;33mNo active and waiting users, elevator is free now[0m
2021.11.28 16:12:29.472 [INFO] com.dreamteam.model2.ElevatorA: [0;33mNo active and waiting users, elevator is free now[0m
2021.11.28 16:12:29.473 [INFO] com.dreamteam.model2.ElevatorA: [0;33mNo active and waiting users, elevator is free now[0m
2021.11.28 16:12:29.482 [INFO] com.dreamteam.model2.ElevatorA: [0;33mElevatorA2 goes to floor 3, direction: UP[0m
2021.11.28 16:12:29.511 [INFO] com.dreamteam.model2.Floor: [0;35mQueue at floor26, elevator2, queue size: 1[0m
2021.11.28 16:12:29.512 [INFO] com.dreamteam.utils.PassengerFactory: [0;36mNew user: Ivan, ID: 2, Start floor: 26, Destination floor: 25, ElevatorA2[0m
2021.11.28 16:12:29.553 [INFO] com.dreamteam.model2.Elevator: [0;34mNo users left Elevator3[0m
2021.11.28 16:12:29.553 [INFO] com.dreamteam.model2.Elevator: [0;34mNo users left Elevator0[0m
2021.11.28 16:12:29.553 [INFO] com.dreamteam.model2.Elevator: [0;34mNo users left Elevator1[0m
2021.11.28 16:12:29.554 [INFO] com.dreamteam.model2.ElevatorA: [0;33mNo active and waiting users, elevator is free now[0m
2021.11.28 16:12:29.554 [INFO] com.dreamteam.model2.ElevatorA: [0;33mNo active and waiting users, elevator is free now[0m
2021.11.28 16:12:29.554 [INFO] com.dreamteam.model2.Elevator: [0;34mNo users left Elevator4[0m
2021.11.28 16:12:29.554 [INFO] com.dreamteam.model2.ElevatorA: [0;33mNo active and waiting users, elevator is free now[0m
2021.11.28 16:12:29.554 [INFO] com.dreamteam.model2.ElevatorA: [0;33mNo active and waiting users, elevator is free now[0m
2021.11.28 16:12:29.571 [INFO] com.dreamteam.model2.Floor: [0;35mQueue at floor19, elevator2, queue size: 1[0m
2021.11.28 16:12:29.573 [INFO] com.dreamteam.utils.PassengerFactory: [0;36mNew user: Karina, ID: 3, Start floor: 19, Destination floor: 18, ElevatorA2[0m
2021.11.28 16:12:29.632 [INFO] com.dreamteam.model2.Floor: [0;35mQueue at floor18, elevator2, queue size: 1[0m
2021.11.28 16:12:29.633 [INFO] com.dreamteam.utils.PassengerFactory: [0;36mNew user: Yana, ID: 4, Start floor: 18, Destination floor: 22, ElevatorA2[0m
2021.11.28 16:12:29.634 [INFO] com.dreamteam.model2.Elevator: [0;34mNo users left Elevator3[0m
2021.11.28 16:12:29.634 [INFO] com.dreamteam.model2.Elevator: [0;34mNo users left Elevator1[0m
2021.11.28 16:12:29.634 [INFO] com.dreamteam.model2.Elevator: [0;34mNo users left Elevator0[0m
2021.11.28 16:12:29.635 [INFO] com.dreamteam.model2.ElevatorA: [0;33mNo active and waiting users, elevator is free now[0m
2021.11.28 16:12:29.635 [INFO] com.dreamteam.model2.ElevatorA: [0;33mNo active and waiting users, elevator is free now[0m
2021.11.28 16:12:29.635 [INFO] com.dreamteam.model2.ElevatorA: [0;33mNo active and waiting users, elevator is free now[0m
2021.11.28 16:12:29.636 [INFO] com.dreamteam.model2.Elevator: [0;34mNo users left Elevator4[0m
2021.11.28 16:12:29.636 [INFO] com.dreamteam.model2.ElevatorA: [0;33mNo active and waiting users, elevator is free now[0m
2021.11.28 16:12:29.646 [INFO] com.dreamteam.model2.Elevator: [0;33mElevator2, current floor: 3[0m
2021.11.28 16:12:29.646 [INFO] com.dreamteam.model2.Elevator: [0;34mUser Yana4 added to Elevator2 waiting list, size: 2[0m
2021.11.28 16:12:29.647 [INFO] com.dreamteam.model2.Elevator: [0;34mUser Karina3 added to Elevator2 waiting list, size: 3[0m
2021.11.28 16:12:29.648 [INFO] com.dreamteam.model2.Elevator: [0;34mUser Ivan2 added to Elevator2 waiting list, size: 4[0m
2021.11.28 16:12:29.692 [INFO] com.dreamteam.model2.Floor: [0;35mQueue at floor1, elevator2, queue size: 1[0m
2021.11.28 16:12:29.693 [INFO] com.dreamteam.utils.PassengerFactory: [0;36mNew user: Vasyl, ID: 5, Start floor: 1, Destination floor: 3, ElevatorA2[0m
2021.11.28 16:12:29.694 [INFO] com.dreamteam.model2.Elevator: [0;34mUser Vasyl5 added to Elevator2 waiting list, size: 5[0m
2021.11.28 16:12:29.715 [INFO] com.dreamteam.model2.Elevator: [0;34mNo users left Elevator1[0m
2021.11.28 16:12:29.715 [INFO] com.dreamteam.model2.Elevator: [0;34mNo users left Elevator0[0m
2021.11.28 16:12:29.716 [INFO] com.dreamteam.model2.ElevatorA: [0;33mNo active and waiting users, elevator is free now[0m
2021.11.28 16:12:29.716 [INFO] com.dreamteam.model2.ElevatorA: [0;33mNo active and waiting users, elevator is free now[0m
2021.11.28 16:12:29.716 [INFO] com.dreamteam.model2.Elevator: [0;34mNo users left Elevator3[0m
2021.11.28 16:12:29.717 [INFO] com.dreamteam.model2.ElevatorA: [0;33mNo active and waiting users, elevator is free now[0m
2021.11.28 16:12:29.717 [INFO] com.dreamteam.model2.Elevator: [0;34mNo users left Elevator4[0m
2021.11.28 16:12:29.717 [INFO] com.dreamteam.model2.ElevatorA: [0;33mNo active and waiting users, elevator is free now[0m
2021.11.28 16:12:29.726 [INFO] com.dreamteam.model2.Elevator: [0;34mNo users left Elevator2[0m
2021.11.28 16:12:29.739 [INFO] com.dreamteam.model2.Elevator: [0;34mUser Karina0 entered Elevator2, active users: 1[0m
2021.11.28 16:12:29.745 [INFO] com.dreamteam.model2.ElevatorA: [0;33mElevatorA2 goes to floor 1, direction: DOWN[0m
2021.11.28 16:12:29.751 [INFO] com.dreamteam.model2.Floor: [0;35mQueue at floor27, elevator2, queue size: 1[0m
2021.11.28 16:12:29.752 [INFO] com.dreamteam.utils.PassengerFactory: [0;36mNew user: Olexandr, ID: 6, Start floor: 27, Destination floor: 28, ElevatorA2[0m
2021.11.28 16:12:29.796 [INFO] com.dreamteam.model2.Elevator: [0;34mNo users left Elevator0[0m
2021.11.28 16:12:29.796 [INFO] com.dreamteam.model2.Elevator: [0;34mNo users left Elevator1[0m
2021.11.28 16:12:29.797 [INFO] com.dreamteam.model2.ElevatorA: [0;33mNo active and waiting users, elevator is free now[0m
2021.11.28 16:12:29.797 [INFO] com.dreamteam.model2.ElevatorA: [0;33mNo active and waiting users, elevator is free now[0m
2021.11.28 16:12:29.797 [INFO] com.dreamteam.model2.Elevator: [0;34mNo users left Elevator3[0m
2021.11.28 16:12:29.798 [INFO] com.dreamteam.model2.ElevatorA: [0;33mNo active and waiting users, elevator is free now[0m
2021.11.28 16:12:29.798 [INFO] com.dreamteam.model2.Elevator: [0;34mNo users left Elevator4[0m
2021.11.28 16:12:29.798 [INFO] com.dreamteam.model2.ElevatorA: [0;33mNo active and waiting users, elevator is free now[0m
2021.11.28 16:12:29.812 [INFO] com.dreamteam.model2.Floor: [0;35mQueue at floor15, elevator2, queue size: 1[0m
2021.11.28 16:12:29.813 [INFO] com.dreamteam.utils.PassengerFactory: [0;36mNew user: Olexandr, ID: 7, Start floor: 15, Destination floor: 26, ElevatorA2[0m
2021.11.28 16:12:29.848 [INFO] com.dreamteam.model2.Elevator: [0;33mElevator2, current floor: 1[0m
2021.11.28 16:12:29.848 [INFO] com.dreamteam.model2.Elevator: [0;34mUser Olexandr7 added to Elevator2 waiting list, size: 6[0m
2021.11.28 16:12:29.848 [INFO] com.dreamteam.model2.Elevator: [0;34mUser Olexandr6 added to Elevator2 waiting list, size: 7[0m
2021.11.28 16:12:29.872 [INFO] com.dreamteam.model2.Floor: [0;35mQueue at floor17, elevator2, queue size: 1[0m
2021.11.28 16:12:29.873 [INFO] com.dreamteam.utils.PassengerFactory: [0;36mNew user: Vasyl, ID: 8, Start floor: 17, Destination floor: 28, ElevatorA2[0m
2021.11.28 16:12:29.873 [INFO] com.dreamteam.model2.Elevator: [0;34mUser Vasyl8 added to Elevator2 waiting list, size: 8[0m
2021.11.28 16:12:29.877 [INFO] com.dreamteam.model2.Elevator: [0;34mNo users left Elevator0[0m
2021.11.28 16:12:29.877 [INFO] com.dreamteam.model2.Elevator: [0;34mNo users left Elevator1[0m
2021.11.28 16:12:29.877 [INFO] com.dreamteam.model2.ElevatorA: [0;33mNo active and waiting users, elevator is free now[0m
2021.11.28 16:12:29.877 [INFO] com.dreamteam.model2.ElevatorA: [0;33mNo active and waiting users, elevator is free now[0m
2021.11.28 16:12:29.878 [INFO] com.dreamteam.model2.Elevator: [0;34mNo users left Elevator3[0m
2021.11.28 16:12:29.878 [INFO] com.dreamteam.model2.ElevatorA: [0;33mNo active and waiting users, elevator is free now[0m
2021.11.28 16:12:29.878 [INFO] com.dreamteam.model2.Elevator: [0;34mNo users left Elevator4[0m
2021.11.28 16:12:29.879 [INFO] com.dreamteam.model2.ElevatorA: [0;33mNo active and waiting users, elevator is free now[0m
2021.11.28 16:12:29.928 [INFO] com.dreamteam.model2.Elevator: [0;34mUser(s) left Elevator2[0m
2021.11.28 16:12:29.929 [INFO] com.dreamteam.model2.Elevator: [0;34mUser Vasyl5 entered Elevator2, active users: 1[0m
2021.11.28 16:12:29.931 [INFO] com.dreamteam.model2.Floor: [0;35mQueue at floor16, elevator2, queue size: 1[0m
2021.11.28 16:12:29.933 [INFO] com.dreamteam.model2.ElevatorA: [0;33mElevatorA2 goes to floor 3, direction: UP[0m
2021.11.28 16:12:29.934 [INFO] com.dreamteam.utils.PassengerFactory: [0;36mNew user: Ivan, ID: 9, Start floor: 16, Destination floor: 4, ElevatorA2[0m
2021.11.28 16:12:29.958 [INFO] com.dreamteam.model2.Elevator: [0;34mNo users left Elevator1[0m
2021.11.28 16:12:29.958 [INFO] com.dreamteam.model2.Elevator: [0;34mNo users left Elevator0[0m
2021.11.28 16:12:29.958 [INFO] com.dreamteam.model2.ElevatorA: [0;33mNo active and waiting users, elevator is free now[0m
2021.11.28 16:12:29.958 [INFO] com.dreamteam.model2.ElevatorA: [0;33mNo active and waiting users, elevator is free now[0m
2021.11.28 16:12:29.959 [INFO] com.dreamteam.model2.Elevator: [0;34mNo users left Elevator3[0m
2021.11.28 16:12:29.959 [INFO] com.dreamteam.model2.ElevatorA: [0;33mNo active and waiting users, elevator is free now[0m
2021.11.28 16:12:29.959 [INFO] com.dreamteam.model2.Elevator: [0;34mNo users left Elevator4[0m
2021.11.28 16:12:29.959 [INFO] com.dreamteam.model2.ElevatorA: [0;33mNo active and waiting users, elevator is free now[0m
2021.11.28 16:12:29.992 [INFO] com.dreamteam.model2.Floor: [0;35mQueue at floor0, elevator2, queue size: 1[0m
2021.11.28 16:12:29.992 [INFO] com.dreamteam.utils.PassengerFactory: [0;36mNew user: Katerina, ID: 10, Start floor: 0, Destination floor: 24, ElevatorA2[0m
2021.11.28 16:12:30.035 [INFO] com.dreamteam.model2.Elevator: [0;33mElevator2, current floor: 3[0m
2021.11.28 16:12:30.036 [INFO] com.dreamteam.model2.Elevator: [0;34mUser Katerina10 added to Elevator2 waiting list, size: 8[0m
2021.11.28 16:12:30.036 [INFO] com.dreamteam.model2.Elevator: [0;34mUser Ivan9 added to Elevator2 waiting list, size: 9[0m
2021.11.28 16:12:30.038 [INFO] com.dreamteam.model2.Elevator: [0;34mNo users left Elevator0[0m
2021.11.28 16:12:30.038 [INFO] com.dreamteam.model2.Elevator: [0;34mNo users left Elevator1[0m
2021.11.28 16:12:30.039 [INFO] com.dreamteam.model2.ElevatorA: [0;33mNo active and waiting users, elevator is free now[0m
2021.11.28 16:12:30.039 [INFO] com.dreamteam.model2.ElevatorA: [0;33mNo active and waiting users, elevator is free now[0m
2021.11.28 16:12:30.039 [INFO] com.dreamteam.model2.Elevator: [0;34mNo users left Elevator3[0m
2021.11.28 16:12:30.039 [INFO] com.dreamteam.model2.ElevatorA: [0;33mNo active and waiting users, elevator is free now[0m
2021.11.28 16:12:30.039 [INFO] com.dreamteam.model2.Elevator: [0;34mNo users left Elevator4[0m
2021.11.28 16:12:30.040 [INFO] com.dreamteam.model2.ElevatorA: [0;33mNo active and waiting users, elevator is free now[0m
2021.11.28 16:12:30.052 [INFO] com.dreamteam.model2.Floor: [0;35mQueue at floor11, elevator2, queue size: 1[0m
2021.11.28 16:12:30.053 [INFO] com.dreamteam.utils.PassengerFactory: [0;36mNew user: Vasyl, ID: 11, Start floor: 11, Destination floor: 21, ElevatorA2[0m
2021.11.28 16:12:30.053 [INFO] com.dreamteam.model2.Elevator: [0;34mUser Vasyl11 added to Elevator2 waiting list, size: 10[0m
2021.11.28 16:12:30.111 [INFO] com.dreamteam.model2.Floor: [0;35mQueue at floor6, elevator2, queue size: 1[0m
2021.11.28 16:12:30.112 [INFO] com.dreamteam.utils.PassengerFactory: [0;36mNew user: Vasyl, ID: 12, Start floor: 6, Destination floor: 21, ElevatorA2[0m
2021.11.28 16:12:30.112 [INFO] com.dreamteam.model2.Elevator: [0;34mUser Vasyl12 added to Elevator2 waiting list, size: 11[0m
2021.11.28 16:12:30.116 [INFO] com.dreamteam.model2.Elevator: [0;34mUser(s) left Elevator2[0m
2021.11.28 16:12:30.116 [INFO] com.dreamteam.model2.ElevatorA: [0;33mElevatorA2 goes to floor 2, direction: DOWN[0m
2021.11.28 16:12:30.119 [INFO] com.dreamteam.model2.Elevator: [0;34mNo users left Elevator0[0m
2021.11.28 16:12:30.119 [INFO] com.dreamteam.model2.Elevator: [0;34mNo users left Elevator1[0m
2021.11.28 16:12:30.119 [INFO] com.dreamteam.model2.ElevatorA: [0;33mNo active and waiting users, elevator is free now[0m
2021.11.28 16:12:30.119 [INFO] com.dreamteam.model2.ElevatorA: [0;33mNo active and waiting users, elevator is free now[0m
2021.11.28 16:12:30.120 [INFO] com.dreamteam.model2.Elevator: [0;34mNo users left Elevator3[0m
2021.11.28 16:12:30.120 [INFO] com.dreamteam.model2.Elevator: [0;34mNo users left Elevator4[0m
2021.11.28 16:12:30.120 [INFO] com.dreamteam.model2.ElevatorA: [0;33mNo active and waiting users, elevator is free now[0m
2021.11.28 16:12:30.120 [INFO] com.dreamteam.model2.ElevatorA: [0;33mNo active and waiting users, elevator is free now[0m
2021.11.28 16:12:30.168 [INFO] com.dreamteam.model2.Elevator: [0;33mElevator2, current floor: 2[0m
2021.11.28 16:12:30.171 [INFO] com.dreamteam.model2.Floor: [0;35mQueue at floor6, elevator0, queue size: 1[0m
2021.11.28 16:12:30.172 [INFO] com.dreamteam.utils.PassengerFactory: [0;36mNew user: Ivan, ID: 13, Start floor: 6, Destination floor: 10, ElevatorA0[0m
2021.11.28 16:12:30.173 [INFO] com.dreamteam.model2.Elevator: [0;33mElevator0 goes to user Ivan13[0m
2021.11.28 16:12:30.200 [INFO] com.dreamteam.model2.Elevator: [0;34mNo users left Elevator0[0m
2021.11.28 16:12:30.200 [INFO] com.dreamteam.model2.Elevator: [0;34mNo users left Elevator1[0m
2021.11.28 16:12:30.200 [INFO] com.dreamteam.model2.Elevator: [0;34mNo users left Elevator3[0m
2021.11.28 16:12:30.200 [INFO] com.dreamteam.model2.ElevatorA: [0;33mElevatorA0 goes to floor 6, direction: UP[0m
2021.11.28 16:12:30.201 [INFO] com.dreamteam.model2.ElevatorA: [0;33mNo active and waiting users, elevator is free now[0m
2021.11.28 16:12:30.200 [INFO] com.dreamteam.model2.Elevator: [0;34mNo users left Elevator4[0m
2021.11.28 16:12:30.201 [INFO] com.dreamteam.model2.ElevatorA: [0;33mNo active and waiting users, elevator is free now[0m
2021.11.28 16:12:30.201 [INFO] com.dreamteam.model2.ElevatorA: [0;33mNo active and waiting users, elevator is free now[0m
2021.11.28 16:12:30.232 [INFO] com.dreamteam.model2.Floor: [0;35mQueue at floor3, elevator2, queue size: 1[0m
2021.11.28 16:12:30.233 [INFO] com.dreamteam.utils.PassengerFactory: [0;36mNew user: Vasyl, ID: 14, Start floor: 3, Destination floor: 9, ElevatorA2[0m
2021.11.28 16:12:30.233 [INFO] com.dreamteam.model2.Elevator: [0;34mUser Vasyl14 added to Elevator2 waiting list, size: 11[0m
2021.11.28 16:12:30.248 [INFO] com.dreamteam.model2.Elevator: [0;34mNo users left Elevator2[0m
2021.11.28 16:12:30.248 [INFO] com.dreamteam.model2.Elevator: [0;34mUser Tanchik1 entered Elevator2, active users: 1[0m
2021.11.28 16:12:30.249 [INFO] com.dreamteam.model2.ElevatorA: [0;33mElevatorA2 goes to floor 13, direction: UP[0m
2021.11.28 16:12:30.281 [INFO] com.dreamteam.model2.Elevator: [0;34mNo users left Elevator1[0m
2021.11.28 16:12:30.281 [INFO] com.dreamteam.model2.Elevator: [0;34mNo users left Elevator3[0m
2021.11.28 16:12:30.281 [INFO] com.dreamteam.model2.ElevatorA: [0;33mNo active and waiting users, elevator is free now[0m
2021.11.28 16:12:30.281 [INFO] com.dreamteam.model2.ElevatorA: [0;33mNo active and waiting users, elevator is free now[0m
2021.11.28 16:12:30.281 [INFO] com.dreamteam.model2.Elevator: [0;34mNo users left Elevator4[0m
2021.11.28 16:12:30.281 [INFO] com.dreamteam.model2.ElevatorA: [0;33mNo active and waiting users, elevator is free now[0m
2021.11.28 16:12:30.292 [INFO] com.dreamteam.model2.Floor: [0;35mQueue at floor26, elevator0, queue size: 1[0m
2021.11.28 16:12:30.293 [INFO] com.dreamteam.utils.PassengerFactory: [0;36mNew user: Viktoria, ID: 15, Start floor: 26, Destination floor: 0, ElevatorA0[0m
2021.11.28 16:12:30.351 [INFO] com.dreamteam.model2.Floor: [0;35mQueue at floor4, elevator2, queue size: 1[0m
2021.11.28 16:12:30.352 [INFO] com.dreamteam.utils.PassengerFactory: [0;36mNew user: Christian, ID: 16, Start floor: 4, Destination floor: 20, ElevatorA2[0m
2021.11.28 16:12:30.361 [INFO] com.dreamteam.model2.Elevator: [0;34mNo users left Elevator3[0m
2021.11.28 16:12:30.361 [INFO] com.dreamteam.model2.Elevator: [0;34mNo users left Elevator1[0m
2021.11.28 16:12:30.362 [INFO] com.dreamteam.model2.ElevatorA: [0;33mNo active and waiting users, elevator is free now[0m
2021.11.28 16:12:30.362 [INFO] com.dreamteam.model2.Elevator: [0;34mNo users left Elevator4[0m
2021.11.28 16:12:30.362 [INFO] com.dreamteam.model2.ElevatorA: [0;33mNo active and waiting users, elevator is free now[0m
2021.11.28 16:12:30.362 [INFO] com.dreamteam.model2.ElevatorA: [0;33mNo active and waiting users, elevator is free now[0m
2021.11.28 16:12:30.412 [INFO] com.dreamteam.model2.Floor: [0;35mQueue at floor12, elevator2, queue size: 1[0m
2021.11.28 16:12:30.413 [INFO] com.dreamteam.utils.PassengerFactory: [0;36mNew user: Tanchik, ID: 17, Start floor: 12, Destination floor: 1, ElevatorA2[0m
2021.11.28 16:12:30.442 [INFO] com.dreamteam.model2.Elevator: [0;34mNo users left Elevator3[0m
2021.11.28 16:12:30.442 [INFO] com.dreamteam.model2.Elevator: [0;34mNo users left Elevator1[0m
2021.11.28 16:12:30.442 [INFO] com.dreamteam.model2.Elevator: [0;34mNo users left Elevator4[0m
2021.11.28 16:12:30.442 [INFO] com.dreamteam.model2.ElevatorA: [0;33mNo active and waiting users, elevator is free now[0m
2021.11.28 16:12:30.442 [INFO] com.dreamteam.model2.ElevatorA: [0;33mNo active and waiting users, elevator is free now[0m
2021.11.28 16:12:30.442 [INFO] com.dreamteam.model2.ElevatorA: [0;33mNo active and waiting users, elevator is free now[0m
2021.11.28 16:12:30.472 [INFO] com.dreamteam.model2.Floor: [0;35mQueue at floor14, elevator2, queue size: 1[0m
2021.11.28 16:12:30.472 [INFO] com.dreamteam.utils.PassengerFactory: [0;36mNew user: Karina, ID: 18, Start floor: 14, Destination floor: 5, ElevatorA2[0m
2021.11.28 16:12:30.504 [INFO] com.dreamteam.model2.Elevator: [0;33mElevator0, current floor: 6[0m
2021.11.28 16:12:30.505 [INFO] com.dreamteam.model2.Elevator: [0;34mUser Viktoria15 added to Elevator0 waiting list, size: 1[0m
2021.11.28 16:12:30.523 [INFO] com.dreamteam.model2.Elevator: [0;34mNo users left Elevator4[0m
2021.11.28 16:12:30.523 [INFO] com.dreamteam.model2.Elevator: [0;34mNo users left Elevator3[0m
2021.11.28 16:12:30.523 [INFO] com.dreamteam.model2.Elevator: [0;34mNo users left Elevator1[0m
2021.11.28 16:12:30.523 [INFO] com.dreamteam.model2.ElevatorA: [0;33mNo active and waiting users, elevator is free now[0m
2021.11.28 16:12:30.523 [INFO] com.dreamteam.model2.ElevatorA: [0;33mNo active and waiting users, elevator is free now[0m
2021.11.28 16:12:30.523 [INFO] com.dreamteam.model2.ElevatorA: [0;33mNo active and waiting users, elevator is free now[0m
2021.11.28 16:12:30.531 [INFO] com.dreamteam.model2.Floor: [0;35mQueue at floor7, elevator2, queue size: 1[0m
2021.11.28 16:12:30.532 [INFO] com.dreamteam.utils.PassengerFactory: [0;36mNew user: Ivan, ID: 19, Start floor: 7, Destination floor: 4, ElevatorA2[0m
2021.11.28 16:12:30.585 [INFO] com.dreamteam.model2.Elevator: [0;34mNo users left Elevator0[0m
2021.11.28 16:12:30.585 [INFO] com.dreamteam.model2.Elevator: [0;34mUser Ivan13 entered Elevator0, active users: 1[0m
2021.11.28 16:12:30.586 [INFO] com.dreamteam.model2.ElevatorA: [0;33mElevatorA0 goes to floor 10, direction: UP[0m
2021.11.28 16:12:30.592 [INFO] com.dreamteam.model2.Floor: [0;35mQueue at floor0, elevator0, queue size: 1[0m
2021.11.28 16:12:30.592 [INFO] com.dreamteam.utils.PassengerFactory: [0;36mNew user: Christian, ID: 20, Start floor: 0, Destination floor: 5, ElevatorA0[0m
2021.11.28 16:12:30.603 [INFO] com.dreamteam.model2.Elevator: [0;34mNo users left Elevator1[0m
2021.11.28 16:12:30.603 [INFO] com.dreamteam.model2.Elevator: [0;34mNo users left Elevator4[0m
2021.11.28 16:12:30.603 [INFO] com.dreamteam.model2.Elevator: [0;34mNo users left Elevator3[0m
2021.11.28 16:12:30.604 [INFO] com.dreamteam.model2.ElevatorA: [0;33mNo active and waiting users, elevator is free now[0m
2021.11.28 16:12:30.604 [INFO] com.dreamteam.model2.ElevatorA: [0;33mNo active and waiting users, elevator is free now[0m
2021.11.28 16:12:30.604 [INFO] com.dreamteam.model2.ElevatorA: [0;33mNo active and waiting users, elevator is free now[0m
2021.11.28 16:12:30.652 [INFO] com.dreamteam.model2.Floor: [0;35mQueue at floor17, elevator0, queue size: 1[0m
2021.11.28 16:12:30.653 [INFO] com.dreamteam.utils.PassengerFactory: [0;36mNew user: Viktoria, ID: 21, Start floor: 17, Destination floor: 7, ElevatorA0[0m
2021.11.28 16:12:30.684 [INFO] com.dreamteam.model2.Elevator: [0;34mNo users left Elevator4[0m
2021.11.28 16:12:30.684 [INFO] com.dreamteam.model2.Elevator: [0;34mNo users left Elevator3[0m
2021.11.28 16:12:30.684 [INFO] com.dreamteam.model2.Elevator: [0;34mNo users left Elevator1[0m
2021.11.28 16:12:30.684 [INFO] com.dreamteam.model2.ElevatorA: [0;33mNo active and waiting users, elevator is free now[0m
2021.11.28 16:12:30.684 [INFO] com.dreamteam.model2.ElevatorA: [0;33mNo active and waiting users, elevator is free now[0m
2021.11.28 16:12:30.684 [INFO] com.dreamteam.model2.ElevatorA: [0;33mNo active and waiting users, elevator is free now[0m
2021.11.28 16:12:30.712 [INFO] com.dreamteam.model2.Floor: [0;35mQueue at floor23, elevator2, queue size: 1[0m
2021.11.28 16:12:30.713 [INFO] com.dreamteam.utils.PassengerFactory: [0;36mNew user: Tanchik, ID: 22, Start floor: 23, Destination floor: 5, ElevatorA2[0m
2021.11.28 16:12:30.764 [INFO] com.dreamteam.model2.Elevator: [0;34mNo users left Elevator3[0m
2021.11.28 16:12:30.765 [INFO] com.dreamteam.model2.Elevator: [0;34mNo users left Elevator4[0m
2021.11.28 16:12:30.764 [INFO] com.dreamteam.model2.Elevator: [0;34mNo users left Elevator1[0m
2021.11.28 16:12:30.765 [INFO] com.dreamteam.model2.ElevatorA: [0;33mNo active and waiting users, elevator is free now[0m
2021.11.28 16:12:30.765 [INFO] com.dreamteam.model2.ElevatorA: [0;33mNo active and waiting users, elevator is free now[0m
2021.11.28 16:12:30.765 [INFO] com.dreamteam.model2.ElevatorA: [0;33mNo active and waiting users, elevator is free now[0m
2021.11.28 16:12:30.771 [INFO] com.dreamteam.model2.Floor: [0;35mQueue at floor0, elevator4, queue size: 1[0m
2021.11.28 16:12:30.772 [INFO] com.dreamteam.utils.PassengerFactory: [0;36mNew user: Yana, ID: 23, Start floor: 0, Destination floor: 26, ElevatorA4[0m
2021.11.28 16:12:30.789 [INFO] com.dreamteam.model2.Elevator: [0;33mElevator0, current floor: 10[0m
2021.11.28 16:12:30.789 [INFO] com.dreamteam.model2.Elevator: [0;34mUser Viktoria21 added to Elevator0 waiting list, size: 2[0m
2021.11.28 16:12:30.789 [INFO] com.dreamteam.model2.Elevator: [0;34mUser Christian20 added to Elevator0 waiting list, size: 3[0m
2021.11.28 16:12:30.806 [INFO] com.dreamteam.model2.Elevator: [0;33mElevator2, current floor: 13[0m
2021.11.28 16:12:30.807 [INFO] com.dreamteam.model2.Elevator: [0;34mUser Tanchik22 added to Elevator2 waiting list, size: 12[0m
2021.11.28 16:12:30.807 [INFO] com.dreamteam.model2.Elevator: [0;34mUser Ivan19 added to Elevator2 waiting list, size: 13[0m
2021.11.28 16:12:30.807 [INFO] com.dreamteam.model2.Elevator: [0;34mUser Karina18 added to Elevator2 waiting list, size: 14[0m
2021.11.28 16:12:30.808 [INFO] com.dreamteam.model2.Elevator: [0;34mUser Tanchik17 added to Elevator2 waiting list, size: 15[0m
2021.11.28 16:12:30.808 [INFO] com.dreamteam.model2.Elevator: [0;34mUser Christian16 added to Elevator2 waiting list, size: 16[0m
2021.11.28 16:12:30.832 [INFO] com.dreamteam.model2.Floor: [0;35mQueue at floor26, elevator4, queue size: 1[0m
2021.11.28 16:12:30.833 [INFO] com.dreamteam.utils.PassengerFactory: [0;36mNew user: Christian, ID: 24, Start floor: 26, Destination floor: 3, ElevatorA4[0m
2021.11.28 16:12:30.833 [INFO] com.dreamteam.model2.Elevator: [0;34mUser Christian24 added to Elevator4 waiting list, size: 1[0m
2021.11.28 16:12:30.845 [INFO] com.dreamteam.model2.Elevator: [0;34mNo users left Elevator4[0m
2021.11.28 16:12:30.845 [INFO] com.dreamteam.model2.Elevator: [0;34mNo users left Elevator1[0m
2021.11.28 16:12:30.845 [INFO] com.dreamteam.model2.Elevator: [0;34mNo users left Elevator3[0m
2021.11.28 16:12:30.846 [INFO] com.dreamteam.model2.ElevatorA: [0;33mNo active and waiting users, elevator is free now[0m
2021.11.28 16:12:30.846 [INFO] com.dreamteam.model2.ElevatorA: [0;33mNo active and waiting users, elevator is free now[0m
2021.11.28 16:12:30.846 [INFO] com.dreamteam.model2.Elevator: [0;34mUser Yana23 entered Elevator4, active users: 1[0m
2021.11.28 16:12:30.846 [INFO] com.dreamteam.model2.ElevatorA: [0;33mElevatorA4 goes to floor 26, direction: UP[0m
2021.11.28 16:12:30.869 [INFO] com.dreamteam.model2.Elevator: [0;34mUser(s) left Elevator0[0m
2021.11.28 16:12:30.869 [INFO] com.dreamteam.model2.ElevatorA: [0;33mElevatorA0 goes to floor 26, direction: UP[0m
2021.11.28 16:12:30.887 [INFO] com.dreamteam.model2.Elevator: [0;34mUser(s) left Elevator2[0m
2021.11.28 16:12:30.887 [INFO] com.dreamteam.model2.ElevatorA: [0;33mElevatorA2 goes to floor 18, direction: UP[0m
2021.11.28 16:12:30.892 [INFO] com.dreamteam.model2.Floor: [0;35mQueue at floor9, elevator2, queue size: 1[0m
2021.11.28 16:12:30.893 [INFO] com.dreamteam.utils.PassengerFactory: [0;36mNew user: Vasyl, ID: 25, Start floor: 9, Destination floor: 21, ElevatorA2[0m
2021.11.28 16:12:30.926 [INFO] com.dreamteam.model2.Elevator: [0;34mNo users left Elevator3[0m
2021.11.28 16:12:30.926 [INFO] com.dreamteam.model2.Elevator: [0;34mNo users left Elevator1[0m
2021.11.28 16:12:30.926 [INFO] com.dreamteam.model2.ElevatorA: [0;33mNo active and waiting users, elevator is free now[0m
2021.11.28 16:12:30.926 [INFO] com.dreamteam.model2.ElevatorA: [0;33mNo active and waiting users, elevator is free now[0m
2021.11.28 16:12:30.951 [INFO] com.dreamteam.model2.Floor: [0;35mQueue at floor24, elevator2, queue size: 1[0m
2021.11.28 16:12:30.952 [INFO] com.dreamteam.utils.PassengerFactory: [0;36mNew user: Tanchik, ID: 26, Start floor: 24, Destination floor: 6, ElevatorA2[0m
2021.11.28 16:12:31.006 [INFO] com.dreamteam.model2.Elevator: [0;34mNo users left Elevator1[0m
2021.11.28 16:12:31.006 [INFO] com.dreamteam.model2.Elevator: [0;34mNo users left Elevator3[0m
2021.11.28 16:12:31.007 [INFO] com.dreamteam.model2.ElevatorA: [0;33mNo active and waiting users, elevator is free now[0m
2021.11.28 16:12:31.007 [INFO] com.dreamteam.model2.ElevatorA: [0;33mNo active and waiting users, elevator is free now[0m
2021.11.28 16:12:31.011 [INFO] com.dreamteam.model2.Floor: [0;35mQueue at floor17, elevator4, queue size: 1[0m
2021.11.28 16:12:31.012 [INFO] com.dreamteam.utils.PassengerFactory: [0;36mNew user: Vasyl, ID: 27, Start floor: 17, Destination floor: 6, ElevatorA4[0m
2021.11.28 16:12:31.072 [INFO] com.dreamteam.model2.Floor: [0;35mQueue at floor14, elevator0, queue size: 1[0m
2021.11.28 16:12:31.072 [INFO] com.dreamteam.utils.PassengerFactory: [0;36mNew user: Katerina, ID: 28, Start floor: 14, Destination floor: 0, ElevatorA0[0m
2021.11.28 16:12:31.087 [INFO] com.dreamteam.model2.Elevator: [0;34mNo users left Elevator3[0m
2021.11.28 16:12:31.087 [INFO] com.dreamteam.model2.Elevator: [0;34mNo users left Elevator1[0m
2021.11.28 16:12:31.087 [INFO] com.dreamteam.model2.ElevatorA: [0;33mNo active and waiting users, elevator is free now[0m
2021.11.28 16:12:31.087 [INFO] com.dreamteam.model2.ElevatorA: [0;33mNo active and waiting users, elevator is free now[0m
2021.11.28 16:12:31.132 [INFO] com.dreamteam.model2.Floor: [0;35mQueue at floor6, elevator0, queue size: 1[0m
2021.11.28 16:12:31.133 [INFO] com.dreamteam.utils.PassengerFactory: [0;36mNew user: Yana, ID: 29, Start floor: 6, Destination floor: 10, ElevatorA0[0m
2021.11.28 16:12:31.140 [INFO] com.dreamteam.model2.Elevator: [0;33mElevator2, current floor: 18[0m
2021.11.28 16:12:31.140 [INFO] com.dreamteam.model2.Elevator: [0;34mUser Tanchik26 added to Elevator2 waiting list, size: 16[0m
2021.11.28 16:12:31.140 [INFO] com.dreamteam.model2.Elevator: [0;34mUser Vasyl25 added to Elevator2 waiting list, size: 17[0m
2021.11.28 16:12:31.167 [INFO] com.dreamteam.model2.Elevator: [0;34mNo users left Elevator3[0m
2021.11.28 16:12:31.167 [INFO] com.dreamteam.model2.Elevator: [0;34mNo users left Elevator1[0m
2021.11.28 16:12:31.167 [INFO] com.dreamteam.model2.ElevatorA: [0;33mNo active and waiting users, elevator is free now[0m
2021.11.28 16:12:31.167 [INFO] com.dreamteam.model2.ElevatorA: [0;33mNo active and waiting users, elevator is free now[0m
2021.11.28 16:12:31.191 [INFO] com.dreamteam.model2.Floor: [0;35mQueue at floor20, elevator2, queue size: 1[0m
2021.11.28 16:12:31.192 [INFO] com.dreamteam.utils.PassengerFactory: [0;36mNew user: Christian, ID: 30, Start floor: 20, Destination floor: 22, ElevatorA2[0m
2021.11.28 16:12:31.193 [INFO] com.dreamteam.model2.Elevator: [0;34mUser Christian30 added to Elevator2 waiting list, size: 18[0m
2021.11.28 16:12:31.220 [INFO] com.dreamteam.model2.Elevator: [0;34mNo users left Elevator2[0m
2021.11.28 16:12:31.221 [INFO] com.dreamteam.model2.Elevator: [0;34mUser Yana4 entered Elevator2, active users: 1[0m
2021.11.28 16:12:31.221 [INFO] com.dreamteam.model2.ElevatorA: [0;33mElevatorA2 goes to floor 22, direction: UP[0m
2021.11.28 16:12:31.248 [INFO] com.dreamteam.model2.Elevator: [0;34mNo users left Elevator1[0m
2021.11.28 16:12:31.248 [INFO] com.dreamteam.model2.Elevator: [0;34mNo users left Elevator3[0m
2021.11.28 16:12:31.249 [INFO] com.dreamteam.model2.ElevatorA: [0;33mNo active and waiting users, elevator is free now[0m
2021.11.28 16:12:31.249 [INFO] com.dreamteam.model2.ElevatorA: [0;33mNo active and waiting users, elevator is free now[0m
2021.11.28 16:12:31.252 [INFO] com.dreamteam.model2.Floor: [0;35mQueue at floor0, elevator4, queue size: 1[0m
2021.11.28 16:12:31.254 [INFO] com.dreamteam.utils.PassengerFactory: [0;36mNew user: Vitalik, ID: 31, Start floor: 0, Destination floor: 11, ElevatorA4[0m
2021.11.28 16:12:31.313 [INFO] com.dreamteam.model2.Floor: [0;35mQueue at floor15, elevator0, queue size: 1[0m
2021.11.28 16:12:31.315 [INFO] com.dreamteam.utils.PassengerFactory: [0;36mNew user: Ivan, ID: 32, Start floor: 15, Destination floor: 29, ElevatorA0[0m
2021.11.28 16:12:31.329 [INFO] com.dreamteam.model2.Elevator: [0;34mNo users left Elevator1[0m
2021.11.28 16:12:31.329 [INFO] com.dreamteam.model2.Elevator: [0;34mNo users left Elevator3[0m
2021.11.28 16:12:31.330 [INFO] com.dreamteam.model2.ElevatorA: [0;33mNo active and waiting users, elevator is free now[0m
2021.11.28 16:12:31.330 [INFO] com.dreamteam.model2.ElevatorA: [0;33mNo active and waiting users, elevator is free now[0m
2021.11.28 16:12:31.372 [INFO] com.dreamteam.model2.Floor: [0;35mQueue at floor26, elevator3, queue size: 1[0m
2021.11.28 16:12:31.374 [INFO] com.dreamteam.utils.PassengerFactory: [0;36mNew user: Karina, ID: 33, Start floor: 26, Destination floor: 28, ElevatorA3[0m
2021.11.28 16:12:31.374 [INFO] com.dreamteam.model2.Elevator: [0;33mElevator3 goes to user Karina33[0m
2021.11.28 16:12:31.411 [INFO] com.dreamteam.model2.Elevator: [0;34mNo users left Elevator3[0m
2021.11.28 16:12:31.411 [INFO] com.dreamteam.model2.ElevatorA: [0;33mElevatorA3 goes to floor 26, direction: UP[0m
2021.11.28 16:12:31.410 [INFO] com.dreamteam.model2.Elevator: [0;34mNo users left Elevator1[0m
2021.11.28 16:12:31.412 [INFO] com.dreamteam.model2.ElevatorA: [0;33mNo active and waiting users, elevator is free now[0m
2021.11.28 16:12:31.429 [INFO] com.dreamteam.model2.Elevator: [0;33mElevator2, current floor: 22[0m
2021.11.28 16:12:31.431 [INFO] com.dreamteam.model2.Floor: [0;35mQueue at floor2, elevator2, queue size: 1[0m
2021.11.28 16:12:31.433 [INFO] com.dreamteam.utils.PassengerFactory: [0;36mNew user: Katerina, ID: 34, Start floor: 2, Destination floor: 22, ElevatorA2[0m
2021.11.28 16:12:31.433 [INFO] com.dreamteam.model2.Elevator: [0;34mUser Katerina34 added to Elevator2 waiting list, size: 19[0m
2021.11.28 16:12:31.491 [INFO] com.dreamteam.model2.Floor: [0;35mQueue at floor22, elevator2, queue size: 1[0m
2021.11.28 16:12:31.492 [INFO] com.dreamteam.utils.PassengerFactory: [0;36mNew user: Karina, ID: 35, Start floor: 22, Destination floor: 19, ElevatorA2[0m
2021.11.28 16:12:31.492 [INFO] com.dreamteam.model2.Elevator: [0;34mUser Karina35 added to Elevator2 waiting list, size: 20[0m
2021.11.28 16:12:31.492 [INFO] com.dreamteam.model2.Elevator: [0;34mNo users left Elevator1[0m
2021.11.28 16:12:31.492 [INFO] com.dreamteam.model2.ElevatorA: [0;33mNo active and waiting users, elevator is free now[0m
2021.11.28 16:12:31.509 [INFO] com.dreamteam.model2.Elevator: [0;34mUser(s) left Elevator2[0m
2021.11.28 16:12:31.509 [INFO] com.dreamteam.model2.Elevator: [0;34mUser Karina35 entered Elevator2, active users: 1[0m
2021.11.28 16:12:31.510 [INFO] com.dreamteam.model2.ElevatorA: [0;33mElevatorA2 goes to floor 19, direction: DOWN[0m
2021.11.28 16:12:31.552 [INFO] com.dreamteam.model2.Floor: [0;35mQueue at floor22, elevator2, queue size: 1[0m
2021.11.28 16:12:31.553 [INFO] com.dreamteam.utils.PassengerFactory: [0;36mNew user: Katerina, ID: 36, Start floor: 22, Destination floor: 16, ElevatorA2[0m
2021.11.28 16:12:31.573 [INFO] com.dreamteam.model2.Elevator: [0;34mNo users left Elevator1[0m
2021.11.28 16:12:31.573 [INFO] com.dreamteam.model2.ElevatorA: [0;33mNo active and waiting users, elevator is free now[0m
2021.11.28 16:12:31.612 [INFO] com.dreamteam.model2.Floor: [0;35mQueue at floor12, elevator0, queue size: 1[0m
2021.11.28 16:12:31.613 [INFO] com.dreamteam.utils.PassengerFactory: [0;36mNew user: Christian, ID: 37, Start floor: 12, Destination floor: 7, ElevatorA0[0m
2021.11.28 16:12:31.653 [INFO] com.dreamteam.model2.Elevator: [0;34mNo users left Elevator1[0m
2021.11.28 16:12:31.654 [INFO] com.dreamteam.model2.ElevatorA: [0;33mNo active and waiting users, elevator is free now[0m
2021.11.28 16:12:31.662 [INFO] com.dreamteam.model2.Elevator: [0;33mElevator2, current floor: 19[0m
2021.11.28 16:12:31.662 [INFO] com.dreamteam.model2.Elevator: [0;34mUser Katerina36 added to Elevator2 waiting list, size: 20[0m
2021.11.28 16:12:31.671 [INFO] com.dreamteam.model2.Floor: [0;35mQueue at floor0, elevator3, queue size: 1[0m
2021.11.28 16:12:31.672 [INFO] com.dreamteam.utils.PassengerFactory: [0;36mNew user: Christian, ID: 38, Start floor: 0, Destination floor: 17, ElevatorA3[0m
2021.11.28 16:12:31.683 [INFO] com.dreamteam.model2.Elevator: [0;33mElevator0, current floor: 26[0m
2021.11.28 16:12:31.683 [INFO] com.dreamteam.model2.Elevator: [0;34mUser Christian37 added to Elevator0 waiting list, size: 3[0m
2021.11.28 16:12:31.683 [INFO] com.dreamteam.model2.Elevator: [0;34mUser Ivan32 added to Elevator0 waiting list, size: 4[0m
2021.11.28 16:12:31.684 [INFO] com.dreamteam.model2.Elevator: [0;34mUser Yana29 added to Elevator0 waiting list, size: 5[0m
2021.11.28 16:12:31.684 [INFO] com.dreamteam.model2.Elevator: [0;34mUser Katerina28 added to Elevator0 waiting list, size: 6[0m
2021.11.28 16:12:31.731 [INFO] com.dreamteam.model2.Floor: [0;35mQueue at floor15, elevator4, queue size: 1[0m
2021.11.28 16:12:31.732 [INFO] com.dreamteam.utils.PassengerFactory: [0;36mNew user: Olexandr, ID: 39, Start floor: 15, Destination floor: 28, ElevatorA4[0m
2021.11.28 16:12:31.734 [INFO] com.dreamteam.model2.Elevator: [0;34mNo users left Elevator1[0m
2021.11.28 16:12:31.734 [INFO] com.dreamteam.model2.ElevatorA: [0;33mNo active and waiting users, elevator is free now[0m
2021.11.28 16:12:31.742 [INFO] com.dreamteam.model2.Elevator: [0;34mUser(s) left Elevator2[0m
2021.11.28 16:12:31.742 [INFO] com.dreamteam.model2.Elevator: [0;34mUser Karina3 entered Elevator2, active users: 1[0m
2021.11.28 16:12:31.743 [INFO] com.dreamteam.model2.ElevatorA: [0;33mElevatorA2 goes to floor 18, direction: DOWN[0m
2021.11.28 16:12:31.763 [INFO] com.dreamteam.model2.Elevator: [0;34mNo users left Elevator0[0m
2021.11.28 16:12:31.763 [INFO] com.dreamteam.model2.Elevator: [0;34mUser Viktoria15 entered Elevator0, active users: 1[0m
2021.11.28 16:12:31.764 [INFO] com.dreamteam.model2.ElevatorA: [0;33mElevatorA0 goes to floor 0, direction: DOWN[0m
2021.11.28 16:12:31.792 [INFO] com.dreamteam.model2.Floor: [0;35mQueue at floor6, elevator4, queue size: 1[0m
2021.11.28 16:12:31.793 [INFO] com.dreamteam.utils.PassengerFactory: [0;36mNew user: Vasyl, ID: 40, Start floor: 6, Destination floor: 22, ElevatorA4[0m
2021.11.28 16:12:31.793 [INFO] com.dreamteam.model2.Elevator: [0;33mElevator2, current floor: 18[0m
2021.11.28 16:12:31.814 [INFO] com.dreamteam.model2.Elevator: [0;34mNo users left Elevator1[0m
2021.11.28 16:12:31.815 [INFO] com.dreamteam.model2.ElevatorA: [0;33mNo active and waiting users, elevator is free now[0m
2021.11.28 16:12:31.852 [INFO] com.dreamteam.model2.Floor: [0;35mQueue at floor14, elevator4, queue size: 1[0m
2021.11.28 16:12:31.852 [INFO] com.dreamteam.utils.PassengerFactory: [0;36mNew user: Yana, ID: 41, Start floor: 14, Destination floor: 27, ElevatorA4[0m
2021.11.28 16:12:31.874 [INFO] com.dreamteam.model2.Elevator: [0;34mUser(s) left Elevator2[0m
2021.11.28 16:12:31.874 [INFO] com.dreamteam.model2.ElevatorA: [0;33mElevatorA2 goes to floor 26, direction: UP[0m
2021.11.28 16:12:31.895 [INFO] com.dreamteam.model2.Elevator: [0;34mNo users left Elevator1[0m
2021.11.28 16:12:31.896 [INFO] com.dreamteam.model2.ElevatorA: [0;33mNo active and waiting users, elevator is free now[0m
2021.11.28 16:12:31.911 [INFO] com.dreamteam.model2.Floor: [0;35mQueue at floor16, elevator0, queue size: 1[0m
2021.11.28 16:12:31.912 [INFO] com.dreamteam.utils.PassengerFactory: [0;36mNew user: Viktoria, ID: 42, Start floor: 16, Destination floor: 9, ElevatorA0[0m
2021.11.28 16:12:31.973 [INFO] com.dreamteam.model2.Floor: [0;35mQueue at floor5, elevator2, queue size: 1[0m
2021.11.28 16:12:31.974 [INFO] com.dreamteam.utils.PassengerFactory: [0;36mNew user: Tanchik, ID: 43, Start floor: 5, Destination floor: 16, ElevatorA2[0m
2021.11.28 16:12:31.976 [INFO] com.dreamteam.model2.Elevator: [0;34mNo users left Elevator1[0m
2021.11.28 16:12:31.976 [INFO] com.dreamteam.model2.ElevatorA: [0;33mNo active and waiting users, elevator is free now[0m
2021.11.28 16:12:32.031 [INFO] com.dreamteam.model2.Floor: [0;35mQueue at floor15, elevator3, queue size: 1[0m
2021.11.28 16:12:32.032 [INFO] com.dreamteam.utils.PassengerFactory: [0;36mNew user: Katerina, ID: 44, Start floor: 15, Destination floor: 9, ElevatorA3[0m
2021.11.28 16:12:32.056 [INFO] com.dreamteam.model2.Elevator: [0;34mNo users left Elevator1[0m
2021.11.28 16:12:32.056 [INFO] com.dreamteam.model2.ElevatorA: [0;33mNo active and waiting users, elevator is free now[0m
2021.11.28 16:12:32.092 [INFO] com.dreamteam.model2.Floor: [0;35mQueue at floor1, elevator2, queue size: 1[0m
2021.11.28 16:12:32.093 [INFO] com.dreamteam.utils.PassengerFactory: [0;36mNew user: Katerina, ID: 45, Start floor: 1, Destination floor: 21, ElevatorA2[0m
2021.11.28 16:12:32.137 [INFO] com.dreamteam.model2.Elevator: [0;34mNo users left Elevator1[0m
2021.11.28 16:12:32.137 [INFO] com.dreamteam.model2.ElevatorA: [0;33mNo active and waiting users, elevator is free now[0m
2021.11.28 16:12:32.151 [INFO] com.dreamteam.model2.Floor: [0;35mQueue at floor5, elevator0, queue size: 1[0m
2021.11.28 16:12:32.152 [INFO] com.dreamteam.utils.PassengerFactory: [0;36mNew user: Vitalik, ID: 46, Start floor: 5, Destination floor: 29, ElevatorA0[0m
2021.11.28 16:12:32.168 [INFO] com.dreamteam.model2.Elevator: [0;33mElevator4, current floor: 26[0m
2021.11.28 16:12:32.169 [INFO] com.dreamteam.model2.Elevator: [0;34mUser Yana41 added to Elevator4 waiting list, size: 2[0m
2021.11.28 16:12:32.169 [INFO] com.dreamteam.model2.Elevator: [0;34mUser Vasyl40 added to Elevator4 waiting list, size: 3[0m
2021.11.28 16:12:32.169 [INFO] com.dreamteam.model2.Elevator: [0;34mUser Olexandr39 added to Elevator4 waiting list, size: 4[0m
2021.11.28 16:12:32.169 [INFO] com.dreamteam.model2.Elevator: [0;34mUser Vitalik31 added to Elevator4 waiting list, size: 5[0m
2021.11.28 16:12:32.170 [INFO] com.dreamteam.model2.Elevator: [0;34mUser Vasyl27 added to Elevator4 waiting list, size: 6[0m
2021.11.28 16:12:32.211 [INFO] com.dreamteam.model2.Floor: [0;35mQueue at floor3, elevator0, queue size: 1[0m
2021.11.28 16:12:32.212 [INFO] com.dreamteam.utils.PassengerFactory: [0;36mNew user: Olexandr, ID: 47, Start floor: 3, Destination floor: 26, ElevatorA0[0m
2021.11.28 16:12:32.217 [INFO] com.dreamteam.model2.Elevator: [0;34mNo users left Elevator1[0m
2021.11.28 16:12:32.217 [INFO] com.dreamteam.model2.ElevatorA: [0;33mNo active and waiting users, elevator is free now[0m
2021.11.28 16:12:32.249 [INFO] com.dreamteam.model2.Elevator: [0;34mUser(s) left Elevator4[0m
2021.11.28 16:12:32.249 [INFO] com.dreamteam.model2.Elevator: [0;34mUser Christian24 entered Elevator4, active users: 1[0m
2021.11.28 16:12:32.249 [INFO] com.dreamteam.model2.ElevatorA: [0;33mElevatorA4 goes to floor 3, direction: DOWN[0m
2021.11.28 16:12:32.272 [INFO] com.dreamteam.model2.Floor: [0;35mQueue at floor25, elevator2, queue size: 1[0m
2021.11.28 16:12:32.273 [INFO] com.dreamteam.utils.PassengerFactory: [0;36mNew user: Vitalik, ID: 48, Start floor: 25, Destination floor: 16, ElevatorA2[0m
2021.11.28 16:12:32.278 [INFO] com.dreamteam.model2.Elevator: [0;33mElevator2, current floor: 26[0m
2021.11.28 16:12:32.278 [INFO] com.dreamteam.model2.Elevator: [0;34mUser Vitalik48 added to Elevator2 waiting list, size: 19[0m
2021.11.28 16:12:32.278 [INFO] com.dreamteam.model2.Elevator: [0;34mUser Katerina45 added to Elevator2 waiting list, size: 20[0m
2021.11.28 16:12:32.278 [INFO] com.dreamteam.model2.Elevator: [0;34mUser Tanchik43 added to Elevator2 waiting list, size: 21[0m
2021.11.28 16:12:32.297 [INFO] com.dreamteam.model2.Elevator: [0;34mNo users left Elevator1[0m
2021.11.28 16:12:32.297 [INFO] com.dreamteam.model2.ElevatorA: [0;33mNo active and waiting users, elevator is free now[0m
2021.11.28 16:12:32.332 [INFO] com.dreamteam.model2.Floor: [0;35mQueue at floor5, elevator4, queue size: 1[0m
2021.11.28 16:12:32.332 [INFO] com.dreamteam.utils.PassengerFactory: [0;36mNew user: Viktoria, ID: 49, Start floor: 5, Destination floor: 2, ElevatorA4[0m
2021.11.28 16:12:32.358 [INFO] com.dreamteam.model2.Elevator: [0;34mNo users left Elevator2[0m
2021.11.28 16:12:32.358 [INFO] com.dreamteam.model2.Elevator: [0;34mUser Ivan2 entered Elevator2, active users: 1[0m
2021.11.28 16:12:32.359 [INFO] com.dreamteam.model2.ElevatorA: [0;33mElevatorA2 goes to floor 25, direction: DOWN[0m
2021.11.28 16:12:32.377 [INFO] com.dreamteam.model2.Elevator: [0;34mNo users left Elevator1[0m
2021.11.28 16:12:32.378 [INFO] com.dreamteam.model2.ElevatorA: [0;33mNo active and waiting users, elevator is free now[0m
2021.11.28 16:12:32.393 [INFO] com.dreamteam.model2.Floor: [0;35mQueue at floor28, elevator2, queue size: 1[0m
2021.11.28 16:12:32.394 [INFO] com.dreamteam.utils.PassengerFactory: [0;36mNew user: Yana, ID: 50, Start floor: 28, Destination floor: 26, ElevatorA2[0m
2021.11.28 16:12:32.409 [INFO] com.dreamteam.model2.Elevator: [0;33mElevator2, current floor: 25[0m
2021.11.28 16:12:32.410 [INFO] com.dreamteam.model2.Elevator: [0;34mUser Yana50 added to Elevator2 waiting list, size: 22[0m
2021.11.28 16:12:32.452 [INFO] com.dreamteam.model2.Floor: [0;35mQueue at floor3, elevator4, queue size: 1[0m
2021.11.28 16:12:32.453 [INFO] com.dreamteam.utils.PassengerFactory: [0;36mNew user: Olexandr, ID: 51, Start floor: 3, Destination floor: 6, ElevatorA4[0m
2021.11.28 16:12:32.458 [INFO] com.dreamteam.model2.Elevator: [0;34mNo users left Elevator1[0m
2021.11.28 16:12:32.458 [INFO] com.dreamteam.model2.ElevatorA: [0;33mNo active and waiting users, elevator is free now[0m
2021.11.28 16:12:32.490 [INFO] com.dreamteam.model2.Elevator: [0;34mUser(s) left Elevator2[0m
2021.11.28 16:12:32.490 [INFO] com.dreamteam.model2.Elevator: [0;34mUser Vitalik48 entered Elevator2, active users: 1[0m
2021.11.28 16:12:32.491 [INFO] com.dreamteam.model2.ElevatorA: [0;33mElevatorA2 goes to floor 16, direction: DOWN[0m
2021.11.28 16:12:32.512 [INFO] com.dreamteam.model2.Floor: [0;35mQueue at floor25, elevator2, queue size: 1[0m
2021.11.28 16:12:32.513 [INFO] com.dreamteam.utils.PassengerFactory: [0;36mNew user: Karina, ID: 52, Start floor: 25, Destination floor: 23, ElevatorA2[0m
2021.11.28 16:12:32.539 [INFO] com.dreamteam.model2.Elevator: [0;34mNo users left Elevator1[0m
2021.11.28 16:12:32.539 [INFO] com.dreamteam.model2.ElevatorA: [0;33mNo active and waiting users, elevator is free now[0m
2021.11.28 16:12:32.571 [INFO] com.dreamteam.model2.Floor: [0;35mQueue at floor25, elevator0, queue size: 1[0m
2021.11.28 16:12:32.572 [INFO] com.dreamteam.utils.PassengerFactory: [0;36mNew user: Yana, ID: 53, Start floor: 25, Destination floor: 0, ElevatorA0[0m
2021.11.28 16:12:32.619 [INFO] com.dreamteam.model2.Elevator: [0;34mNo users left Elevator1[0m
2021.11.28 16:12:32.619 [INFO] com.dreamteam.model2.ElevatorA: [0;33mNo active and waiting users, elevator is free now[0m
2021.11.28 16:12:32.632 [INFO] com.dreamteam.model2.Floor: [0;35mQueue at floor22, elevator0, queue size: 1[0m
2021.11.28 16:12:32.632 [INFO] com.dreamteam.utils.PassengerFactory: [0;36mNew user: Olexandr, ID: 54, Start floor: 22, Destination floor: 26, ElevatorA0[0m
2021.11.28 16:12:32.692 [INFO] com.dreamteam.model2.Floor: [0;35mQueue at floor11, elevator0, queue size: 1[0m
2021.11.28 16:12:32.693 [INFO] com.dreamteam.utils.PassengerFactory: [0;36mNew user: Katerina, ID: 55, Start floor: 11, Destination floor: 28, ElevatorA0[0m
2021.11.28 16:12:32.700 [INFO] com.dreamteam.model2.Elevator: [0;34mNo users left Elevator1[0m
2021.11.28 16:12:32.700 [INFO] com.dreamteam.model2.ElevatorA: [0;33mNo active and waiting users, elevator is free now[0m
2021.11.28 16:12:32.732 [INFO] com.dreamteam.model2.Elevator: [0;33mElevator3, current floor: 26[0m
2021.11.28 16:12:32.732 [INFO] com.dreamteam.model2.Elevator: [0;34mUser Katerina44 added to Elevator3 waiting list, size: 1[0m
2021.11.28 16:12:32.732 [INFO] com.dreamteam.model2.Elevator: [0;34mUser Christian38 added to Elevator3 waiting list, size: 2[0m
2021.11.28 16:12:32.752 [INFO] com.dreamteam.model2.Floor: [0;35mQueue at floor10, elevator2, queue size: 1[0m
2021.11.28 16:12:32.753 [INFO] com.dreamteam.utils.PassengerFactory: [0;36mNew user: Katerina, ID: 56, Start floor: 10, Destination floor: 15, ElevatorA2[0m
2021.11.28 16:12:32.780 [INFO] com.dreamteam.model2.Elevator: [0;34mNo users left Elevator1[0m
2021.11.28 16:12:32.780 [INFO] com.dreamteam.model2.ElevatorA: [0;33mNo active and waiting users, elevator is free now[0m
2021.11.28 16:12:32.811 [INFO] com.dreamteam.model2.Floor: [0;35mQueue at floor2, elevator0, queue size: 1[0m
2021.11.28 16:12:32.812 [INFO] com.dreamteam.model2.Elevator: [0;34mNo users left Elevator3[0m
2021.11.28 16:12:32.812 [INFO] com.dreamteam.utils.PassengerFactory: [0;36mNew user: Vitalik, ID: 57, Start floor: 2, Destination floor: 18, ElevatorA0[0m
2021.11.28 16:12:32.812 [INFO] com.dreamteam.model2.Elevator: [0;34mUser Karina33 entered Elevator3, active users: 1[0m
2021.11.28 16:12:32.813 [INFO] com.dreamteam.model2.ElevatorA: [0;33mElevatorA3 goes to floor 28, direction: UP[0m
2021.11.28 16:12:32.860 [INFO] com.dreamteam.model2.Elevator: [0;34mNo users left Elevator1[0m
2021.11.28 16:12:32.860 [INFO] com.dreamteam.model2.ElevatorA: [0;33mNo active and waiting users, elevator is free now[0m
2021.11.28 16:12:32.872 [INFO] com.dreamteam.model2.Floor: [0;35mQueue at floor1, elevator0, queue size: 1[0m
2021.11.28 16:12:32.872 [INFO] com.dreamteam.utils.PassengerFactory: [0;36mNew user: Katerina, ID: 58, Start floor: 1, Destination floor: 11, ElevatorA0[0m
2021.11.28 16:12:32.914 [INFO] com.dreamteam.model2.Elevator: [0;33mElevator3, current floor: 28[0m
2021.11.28 16:12:32.932 [INFO] com.dreamteam.model2.Floor: [0;35mQueue at floor23, elevator0, queue size: 1[0m
2021.11.28 16:12:32.933 [INFO] com.dreamteam.utils.PassengerFactory: [0;36mNew user: Yana, ID: 59, Start floor: 23, Destination floor: 10, ElevatorA0[0m
2021.11.28 16:12:32.940 [INFO] com.dreamteam.model2.Elevator: [0;34mNo users left Elevator1[0m
2021.11.28 16:12:32.941 [INFO] com.dreamteam.model2.ElevatorA: [0;33mNo active and waiting users, elevator is free now[0m
2021.11.28 16:12:32.946 [INFO] com.dreamteam.model2.Elevator: [0;33mElevator2, current floor: 16[0m
2021.11.28 16:12:32.946 [INFO] com.dreamteam.model2.Elevator: [0;34mUser Katerina56 added to Elevator2 waiting list, size: 22[0m
2021.11.28 16:12:32.946 [INFO] com.dreamteam.model2.Elevator: [0;34mUser Karina52 added to Elevator2 waiting list, size: 23[0m
2021.11.28 16:12:32.991 [INFO] com.dreamteam.model2.Floor: [0;35mQueue at floor24, elevator0, queue size: 1[0m
2021.11.28 16:12:32.992 [INFO] com.dreamteam.utils.PassengerFactory: [0;36mNew user: Vasyl, ID: 60, Start floor: 24, Destination floor: 0, ElevatorA0[0m
2021.11.28 16:12:32.994 [INFO] com.dreamteam.model2.Elevator: [0;34mUser(s) left Elevator3[0m
2021.11.28 16:12:32.994 [INFO] com.dreamteam.model2.ElevatorA: [0;33mElevatorA3 goes to floor 15, direction: DOWN[0m
2021.11.28 16:12:33.021 [INFO] com.dreamteam.model2.Elevator: [0;34mNo users left Elevator1[0m
2021.11.28 16:12:33.021 [INFO] com.dreamteam.model2.ElevatorA: [0;33mNo active and waiting users, elevator is free now[0m
2021.11.28 16:12:33.026 [INFO] com.dreamteam.model2.Elevator: [0;34mUser(s) left Elevator2[0m
2021.11.28 16:12:33.027 [INFO] com.dreamteam.model2.Elevator: [0;34mUser Ivan9 entered Elevator2, active users: 1[0m
2021.11.28 16:12:33.027 [INFO] com.dreamteam.model2.ElevatorA: [0;33mElevatorA2 goes to floor 4, direction: DOWN[0m
2021.11.28 16:12:33.052 [INFO] com.dreamteam.model2.Floor: [0;35mQueue at floor17, elevator3, queue size: 1[0m
2021.11.28 16:12:33.052 [INFO] com.dreamteam.utils.PassengerFactory: [0;36mNew user: Katerina, ID: 61, Start floor: 17, Destination floor: 16, ElevatorA3[0m
2021.11.28 16:12:33.078 [INFO] com.dreamteam.model2.Elevator: [0;33mElevator0, current floor: 0[0m
2021.11.28 16:12:33.078 [INFO] com.dreamteam.model2.Elevator: [0;34mUser Vasyl60 added to Elevator0 waiting list, size: 7[0m
2021.11.28 16:12:33.078 [INFO] com.dreamteam.model2.Elevator: [0;34mUser Yana59 added to Elevator0 waiting list, size: 8[0m
2021.11.28 16:12:33.079 [INFO] com.dreamteam.model2.Elevator: [0;34mUser Katerina58 added to Elevator0 waiting list, size: 9[0m
2021.11.28 16:12:33.079 [INFO] com.dreamteam.model2.Elevator: [0;34mUser Vitalik57 added to Elevator0 waiting list, size: 10[0m
2021.11.28 16:12:33.079 [INFO] com.dreamteam.model2.Elevator: [0;34mUser Katerina55 added to Elevator0 waiting list, size: 11[0m
2021.11.28 16:12:33.079 [INFO] com.dreamteam.model2.Elevator: [0;34mUser Olexandr54 added to Elevator0 waiting list, size: 12[0m
2021.11.28 16:12:33.079 [INFO] com.dreamteam.model2.Elevator: [0;34mUser Yana53 added to Elevator0 waiting list, size: 13[0m
2021.11.28 16:12:33.079 [INFO] com.dreamteam.model2.Elevator: [0;34mUser Olexandr47 added to Elevator0 waiting list, size: 14[0m
2021.11.28 16:12:33.079 [INFO] com.dreamteam.model2.Elevator: [0;34mUser Vitalik46 added to Elevator0 waiting list, size: 15[0m
2021.11.28 16:12:33.080 [INFO] com.dreamteam.model2.Elevator: [0;34mUser Viktoria42 added to Elevator0 waiting list, size: 16[0m
2021.11.28 16:12:33.101 [INFO] com.dreamteam.model2.Elevator: [0;34mNo users left Elevator1[0m
2021.11.28 16:12:33.101 [INFO] com.dreamteam.model2.ElevatorA: [0;33mNo active and waiting users, elevator is free now[0m
2021.11.28 16:12:33.111 [INFO] com.dreamteam.model2.Floor: [0;35mQueue at floor5, elevator3, queue size: 1[0m
2021.11.28 16:12:33.112 [INFO] com.dreamteam.utils.PassengerFactory: [0;36mNew user: Christian, ID: 62, Start floor: 5, Destination floor: 8, ElevatorA3[0m
2021.11.28 16:12:33.158 [INFO] com.dreamteam.model2.Elevator: [0;34mUser(s) left Elevator0[0m
2021.11.28 16:12:33.159 [INFO] com.dreamteam.model2.Elevator: [0;34mUser Christian20 entered Elevator0, active users: 1[0m
2021.11.28 16:12:33.160 [INFO] com.dreamteam.model2.ElevatorA: [0;33mElevatorA0 goes to floor 5, direction: UP[0m
2021.11.28 16:12:33.172 [INFO] com.dreamteam.model2.Floor: [0;35mQueue at floor25, elevator4, queue size: 1[0m
2021.11.28 16:12:33.172 [INFO] com.dreamteam.utils.PassengerFactory: [0;36mNew user: Tanchik, ID: 63, Start floor: 25, Destination floor: 21, ElevatorA4[0m
2021.11.28 16:12:33.181 [INFO] com.dreamteam.model2.Elevator: [0;34mNo users left Elevator1[0m
2021.11.28 16:12:33.181 [INFO] com.dreamteam.model2.ElevatorA: [0;33mNo active and waiting users, elevator is free now[0m
2021.11.28 16:12:33.232 [INFO] com.dreamteam.model2.Floor: [0;35mQueue at floor10, elevator0, queue size: 1[0m
2021.11.28 16:12:33.232 [INFO] com.dreamteam.utils.PassengerFactory: [0;36mNew user: Viktoria, ID: 64, Start floor: 10, Destination floor: 9, ElevatorA0[0m
2021.11.28 16:12:33.262 [INFO] com.dreamteam.model2.Elevator: [0;34mNo users left Elevator1[0m
2021.11.28 16:12:33.262 [INFO] com.dreamteam.model2.ElevatorA: [0;33mNo active and waiting users, elevator is free now[0m
2021.11.28 16:12:33.292 [INFO] com.dreamteam.model2.Floor: [0;35mQueue at floor22, elevator4, queue size: 1[0m
2021.11.28 16:12:33.292 [INFO] com.dreamteam.utils.PassengerFactory: [0;36mNew user: Tanchik, ID: 65, Start floor: 22, Destination floor: 0, ElevatorA4[0m
2021.11.28 16:12:33.342 [INFO] com.dreamteam.model2.Elevator: [0;34mNo users left Elevator1[0m
2021.11.28 16:12:33.342 [INFO] com.dreamteam.model2.ElevatorA: [0;33mNo active and waiting users, elevator is free now[0m
2021.11.28 16:12:33.351 [INFO] com.dreamteam.model2.Floor: [0;35mQueue at floor8, elevator2, queue size: 1[0m
2021.11.28 16:12:33.352 [INFO] com.dreamteam.utils.PassengerFactory: [0;36mNew user: Viktoria, ID: 66, Start floor: 8, Destination floor: 20, ElevatorA2[0m
2021.11.28 16:12:33.412 [INFO] com.dreamteam.model2.Floor: [0;35mQueue at floor15, elevator1, queue size: 1[0m
2021.11.28 16:12:33.412 [INFO] com.dreamteam.utils.PassengerFactory: [0;36mNew user: Viktoria, ID: 67, Start floor: 15, Destination floor: 5, ElevatorA1[0m
2021.11.28 16:12:33.412 [INFO] com.dreamteam.model2.Elevator: [0;33mElevator1 goes to user Viktoria67[0m
2021.11.28 16:12:33.412 [INFO] com.dreamteam.model2.Elevator: [0;33mElevator0, current floor: 5[0m
2021.11.28 16:12:33.413 [INFO] com.dreamteam.model2.Elevator: [0;33mElevator4, current floor: 3[0m
2021.11.28 16:12:33.413 [INFO] com.dreamteam.model2.Elevator: [0;34mUser Viktoria64 added to Elevator0 waiting list, size: 16[0m
2021.11.28 16:12:33.413 [INFO] com.dreamteam.model2.Elevator: [0;34mUser Tanchik65 added to Elevator4 waiting list, size: 6[0m
2021.11.28 16:12:33.413 [INFO] com.dreamteam.model2.Elevator: [0;34mUser Tanchik63 added to Elevator4 waiting list, size: 7[0m
2021.11.28 16:12:33.413 [INFO] com.dreamteam.model2.Elevator: [0;34mUser Olexandr51 added to Elevator4 waiting list, size: 8[0m
2021.11.28 16:12:33.413 [INFO] com.dreamteam.model2.Elevator: [0;34mUser Viktoria49 added to Elevator4 waiting list, size: 9[0m
2021.11.28 16:12:33.422 [INFO] com.dreamteam.model2.Elevator: [0;34mNo users left Elevator1[0m
2021.11.28 16:12:33.422 [INFO] com.dreamteam.model2.ElevatorA: [0;33mElevatorA1 goes to floor 15, direction: UP[0m
2021.11.28 16:12:33.472 [INFO] com.dreamteam.model2.Floor: [0;35mQueue at floor23, elevator4, queue size: 1[0m
2021.11.28 16:12:33.472 [INFO] com.dreamteam.utils.PassengerFactory: [0;36mNew user: Christian, ID: 68, Start floor: 23, Destination floor: 18, ElevatorA4[0m
2021.11.28 16:12:33.472 [INFO] com.dreamteam.model2.Elevator: [0;34mUser Christian68 added to Elevator4 waiting list, size: 10[0m
2021.11.28 16:12:33.493 [INFO] com.dreamteam.model2.Elevator: [0;34mUser(s) left Elevator0[0m
2021.11.28 16:12:33.493 [INFO] com.dreamteam.model2.Elevator: [0;34mUser(s) left Elevator4[0m
2021.11.28 16:12:33.493 [INFO] com.dreamteam.model2.Elevator: [0;34mUser Vitalik46 entered Elevator0, active users: 1[0m
2021.11.28 16:12:33.493 [INFO] com.dreamteam.model2.Elevator: [0;34mUser Olexandr51 entered Elevator4, active users: 1[0m
2021.11.28 16:12:33.494 [INFO] com.dreamteam.model2.ElevatorA: [0;33mElevatorA0 goes to floor 29, direction: UP[0m
2021.11.28 16:12:33.494 [INFO] com.dreamteam.model2.ElevatorA: [0;33mElevatorA4 goes to floor 6, direction: UP[0m
2021.11.28 16:12:33.531 [INFO] com.dreamteam.model2.Floor: [0;35mQueue at floor12, elevator4, queue size: 1[0m
2021.11.28 16:12:33.532 [INFO] com.dreamteam.utils.PassengerFactory: [0;36mNew user: Tanchik, ID: 69, Start floor: 12, Destination floor: 4, ElevatorA4[0m
2021.11.28 16:12:33.591 [INFO] com.dreamteam.model2.Floor: [0;35mQueue at floor14, elevator3, queue size: 1[0m
2021.11.28 16:12:33.592 [INFO] com.dreamteam.utils.PassengerFactory: [0;36mNew user: Ivan, ID: 70, Start floor: 14, Destination floor: 27, ElevatorA3[0m
2021.11.28 16:12:33.633 [INFO] com.dreamteam.model2.Elevator: [0;33mElevator2, current floor: 4[0m
2021.11.28 16:12:33.633 [INFO] com.dreamteam.model2.Elevator: [0;34mUser Viktoria66 added to Elevator2 waiting list, size: 23[0m
2021.11.28 16:12:33.645 [INFO] com.dreamteam.model2.Elevator: [0;33mElevator4, current floor: 6[0m
2021.11.28 16:12:33.645 [INFO] com.dreamteam.model2.Elevator: [0;34mUser Tanchik69 added to Elevator4 waiting list, size: 10[0m
2021.11.28 16:12:33.652 [INFO] com.dreamteam.model2.Elevator: [0;33mElevator3, current floor: 15[0m
2021.11.28 16:12:33.652 [INFO] com.dreamteam.model2.Elevator: [0;34mUser Ivan70 added to Elevator3 waiting list, size: 2[0m
2021.11.28 16:12:33.652 [INFO] com.dreamteam.model2.Floor: [0;35mQueue at floor2, elevator4, queue size: 1[0m
2021.11.28 16:12:33.652 [INFO] com.dreamteam.model2.Elevator: [0;34mUser Christian62 added to Elevator3 waiting list, size: 3[0m
2021.11.28 16:12:33.652 [INFO] com.dreamteam.model2.Elevator: [0;34mUser Katerina61 added to Elevator3 waiting list, size: 4[0m
2021.11.28 16:12:33.653 [INFO] com.dreamteam.utils.PassengerFactory: [0;36mNew user: Katerina, ID: 71, Start floor: 2, Destination floor: 19, ElevatorA4[0m
2021.11.28 16:12:33.653 [INFO] com.dreamteam.model2.Elevator: [0;34mUser Katerina71 added to Elevator4 waiting list, size: 11[0m
2021.11.28 16:12:33.711 [INFO] com.dreamteam.model2.Floor: [0;35mQueue at floor17, elevator1, queue size: 1[0m
2021.11.28 16:12:33.712 [INFO] com.dreamteam.utils.PassengerFactory: [0;36mNew user: Olexandr, ID: 72, Start floor: 17, Destination floor: 14, ElevatorA1[0m
2021.11.28 16:12:33.714 [INFO] com.dreamteam.model2.Elevator: [0;34mUser(s) left Elevator2[0m
2021.11.28 16:12:33.714 [INFO] com.dreamteam.model2.Elevator: [0;34mUser Christian16 entered Elevator2, active users: 1[0m
2021.11.28 16:12:33.714 [INFO] com.dreamteam.model2.ElevatorA: [0;33mElevatorA2 goes to floor 20, direction: UP[0m
2021.11.28 16:12:33.725 [INFO] com.dreamteam.model2.Elevator: [0;34mUser(s) left Elevator4[0m
2021.11.28 16:12:33.726 [INFO] com.dreamteam.model2.Elevator: [0;34mUser Vasyl40 entered Elevator4, active users: 1[0m
2021.11.28 16:12:33.726 [INFO] com.dreamteam.model2.ElevatorA: [0;33mElevatorA4 goes to floor 22, direction: UP[0m
2021.11.28 16:12:33.732 [INFO] com.dreamteam.model2.Elevator: [0;34mNo users left Elevator3[0m
2021.11.28 16:12:33.733 [INFO] com.dreamteam.model2.Elevator: [0;34mUser Katerina44 entered Elevator3, active users: 1[0m
2021.11.28 16:12:33.733 [INFO] com.dreamteam.model2.ElevatorA: [0;33mElevatorA3 goes to floor 9, direction: DOWN[0m
2021.11.28 16:12:33.771 [INFO] com.dreamteam.model2.Floor: [0;35mQueue at floor29, elevator2, queue size: 1[0m
2021.11.28 16:12:33.772 [INFO] com.dreamteam.utils.PassengerFactory: [0;36mNew user: Olexandr, ID: 73, Start floor: 29, Destination floor: 21, ElevatorA2[0m
2021.11.28 16:12:33.832 [INFO] com.dreamteam.model2.Floor: [0;35mQueue at floor23, elevator3, queue size: 1[0m
2021.11.28 16:12:33.832 [INFO] com.dreamteam.utils.PassengerFactory: [0;36mNew user: Ivan, ID: 74, Start floor: 23, Destination floor: 15, ElevatorA3[0m
2021.11.28 16:12:33.892 [INFO] com.dreamteam.model2.Floor: [0;35mQueue at floor25, elevator3, queue size: 1[0m
2021.11.28 16:12:33.892 [INFO] com.dreamteam.utils.PassengerFactory: [0;36mNew user: Vasyl, ID: 75, Start floor: 25, Destination floor: 4, ElevatorA3[0m
2021.11.28 16:12:33.951 [INFO] com.dreamteam.model2.Floor: [0;35mQueue at floor0, elevator0, queue size: 1[0m
2021.11.28 16:12:33.952 [INFO] com.dreamteam.utils.PassengerFactory: [0;36mNew user: Karina, ID: 76, Start floor: 0, Destination floor: 7, ElevatorA0[0m
2021.11.28 16:12:34.011 [INFO] com.dreamteam.model2.Floor: [0;35mQueue at floor28, elevator0, queue size: 1[0m
2021.11.28 16:12:34.012 [INFO] com.dreamteam.utils.PassengerFactory: [0;36mNew user: Vasyl, ID: 77, Start floor: 28, Destination floor: 16, ElevatorA0[0m
2021.11.28 16:12:34.036 [INFO] com.dreamteam.model2.Elevator: [0;33mElevator3, current floor: 9[0m
2021.11.28 16:12:34.036 [INFO] com.dreamteam.model2.Elevator: [0;34mUser Vasyl75 added to Elevator3 waiting list, size: 5[0m
2021.11.28 16:12:34.036 [INFO] com.dreamteam.model2.Elevator: [0;34mUser Ivan74 added to Elevator3 waiting list, size: 6[0m
2021.11.28 16:12:34.072 [INFO] com.dreamteam.model2.Floor: [0;35mQueue at floor20, elevator0, queue size: 1[0m
2021.11.28 16:12:34.072 [INFO] com.dreamteam.utils.PassengerFactory: [0;36mNew user: Karina, ID: 78, Start floor: 20, Destination floor: 5, ElevatorA0[0m
2021.11.28 16:12:34.116 [INFO] com.dreamteam.model2.Elevator: [0;34mUser(s) left Elevator3[0m
2021.11.28 16:12:34.117 [INFO] com.dreamteam.model2.ElevatorA: [0;33mElevatorA3 goes to floor 0, direction: DOWN[0m
2021.11.28 16:12:34.132 [INFO] com.dreamteam.model2.Floor: [0;35mQueue at floor19, elevator2, queue size: 1[0m
2021.11.28 16:12:34.134 [INFO] com.dreamteam.utils.PassengerFactory: [0;36mNew user: Tanchik, ID: 79, Start floor: 19, Destination floor: 27, ElevatorA2[0m
2021.11.28 16:12:34.179 [INFO] com.dreamteam.model2.Elevator: [0;33mElevator1, current floor: 15[0m
2021.11.28 16:12:34.179 [INFO] com.dreamteam.model2.Elevator: [0;34mUser Olexandr72 added to Elevator1 waiting list, size: 1[0m
2021.11.28 16:12:34.192 [INFO] com.dreamteam.model2.Floor: [0;35mQueue at floor29, elevator0, queue size: 1[0m
2021.11.28 16:12:34.192 [INFO] com.dreamteam.utils.PassengerFactory: [0;36mNew user: Vasyl, ID: 80, Start floor: 29, Destination floor: 6, ElevatorA0[0m
2021.11.28 16:12:34.252 [INFO] com.dreamteam.model2.Floor: [0;35mQueue at floor25, elevator1, queue size: 1[0m
2021.11.28 16:12:34.252 [INFO] com.dreamteam.utils.PassengerFactory: [0;36mNew user: Viktoria, ID: 81, Start floor: 25, Destination floor: 12, ElevatorA1[0m
2021.11.28 16:12:34.252 [INFO] com.dreamteam.model2.Elevator: [0;34mUser Viktoria81 added to Elevator1 waiting list, size: 2[0m
2021.11.28 16:12:34.259 [INFO] com.dreamteam.model2.Elevator: [0;34mNo users left Elevator1[0m
2021.11.28 16:12:34.260 [INFO] com.dreamteam.model2.Elevator: [0;34mUser Viktoria67 entered Elevator1, active users: 1[0m
2021.11.28 16:12:34.260 [INFO] com.dreamteam.model2.ElevatorA: [0;33mElevatorA1 goes to floor 5, direction: DOWN[0m
2021.11.28 16:12:34.311 [INFO] com.dreamteam.model2.Floor: [0;35mQueue at floor20, elevator4, queue size: 1[0m
2021.11.28 16:12:34.312 [INFO] com.dreamteam.utils.PassengerFactory: [0;36mNew user: Tanchik, ID: 82, Start floor: 20, Destination floor: 4, ElevatorA4[0m
2021.11.28 16:12:34.371 [INFO] com.dreamteam.model2.Floor: [0;35mQueue at floor16, elevator2, queue size: 1[0m
2021.11.28 16:12:34.372 [INFO] com.dreamteam.utils.PassengerFactory: [0;36mNew user: Vasyl, ID: 83, Start floor: 16, Destination floor: 4, ElevatorA2[0m
2021.11.28 16:12:34.431 [INFO] com.dreamteam.model2.Floor: [0;35mQueue at floor28, elevator4, queue size: 1[0m
2021.11.28 16:12:34.432 [INFO] com.dreamteam.utils.PassengerFactory: [0;36mNew user: Yana, ID: 84, Start floor: 28, Destination floor: 2, ElevatorA4[0m
2021.11.28 16:12:34.492 [INFO] com.dreamteam.model2.Floor: [0;35mQueue at floor26, elevator2, queue size: 1[0m
2021.11.28 16:12:34.493 [INFO] com.dreamteam.utils.PassengerFactory: [0;36mNew user: Olexandr, ID: 85, Start floor: 26, Destination floor: 21, ElevatorA2[0m
2021.11.28 16:12:34.522 [INFO] com.dreamteam.model2.Elevator: [0;33mElevator2, current floor: 20[0m
2021.11.28 16:12:34.522 [INFO] com.dreamteam.model2.Elevator: [0;34mUser Olexandr85 added to Elevator2 waiting list, size: 23[0m
2021.11.28 16:12:34.522 [INFO] com.dreamteam.model2.Elevator: [0;34mUser Vasyl83 added to Elevator2 waiting list, size: 24[0m
2021.11.28 16:12:34.522 [INFO] com.dreamteam.model2.Elevator: [0;34mUser Tanchik79 added to Elevator2 waiting list, size: 25[0m
2021.11.28 16:12:34.522 [INFO] com.dreamteam.model2.Elevator: [0;34mUser Olexandr73 added to Elevator2 waiting list, size: 26[0m
2021.11.28 16:12:34.538 [INFO] com.dreamteam.model2.Elevator: [0;33mElevator4, current floor: 22[0m
2021.11.28 16:12:34.538 [INFO] com.dreamteam.model2.Elevator: [0;34mUser Yana84 added to Elevator4 waiting list, size: 11[0m
2021.11.28 16:12:34.538 [INFO] com.dreamteam.model2.Elevator: [0;34mUser Tanchik82 added to Elevator4 waiting list, size: 12[0m
2021.11.28 16:12:34.551 [INFO] com.dreamteam.model2.Floor: [0;35mQueue at floor12, elevator3, queue size: 1[0m
2021.11.28 16:12:34.552 [INFO] com.dreamteam.utils.PassengerFactory: [0;36mNew user: Tanchik, ID: 86, Start floor: 12, Destination floor: 10, ElevatorA3[0m
2021.11.28 16:12:34.572 [INFO] com.dreamteam.model2.Elevator: [0;33mElevator3, current floor: 0[0m
2021.11.28 16:12:34.572 [INFO] com.dreamteam.model2.Elevator: [0;34mUser Tanchik86 added to Elevator3 waiting list, size: 6[0m
2021.11.28 16:12:34.602 [INFO] com.dreamteam.model2.Elevator: [0;34mUser(s) left Elevator2[0m
2021.11.28 16:12:34.602 [INFO] com.dreamteam.model2.Elevator: [0;34mUser Christian30 entered Elevator2, active users: 1[0m
2021.11.28 16:12:34.603 [INFO] com.dreamteam.model2.ElevatorA: [0;33mElevatorA2 goes to floor 22, direction: UP[0m
2021.11.28 16:12:34.612 [INFO] com.dreamteam.model2.Floor: [0;35mQueue at floor15, elevator3, queue size: 1[0m
2021.11.28 16:12:34.612 [INFO] com.dreamteam.utils.PassengerFactory: [0;36mNew user: Tanchik, ID: 87, Start floor: 15, Destination floor: 2, ElevatorA3[0m
2021.11.28 16:12:34.612 [INFO] com.dreamteam.model2.Elevator: [0;34mUser Tanchik87 added to Elevator3 waiting list, size: 7[0m
2021.11.28 16:12:34.618 [INFO] com.dreamteam.model2.Elevator: [0;34mUser(s) left Elevator4[0m
2021.11.28 16:12:34.618 [INFO] com.dreamteam.model2.Elevator: [0;34mUser Tanchik65 entered Elevator4, active users: 1[0m
2021.11.28 16:12:34.619 [INFO] com.dreamteam.model2.ElevatorA: [0;33mElevatorA4 goes to floor 0, direction: DOWN[0m
2021.11.28 16:12:34.652 [INFO] com.dreamteam.model2.Elevator: [0;34mNo users left Elevator3[0m
2021.11.28 16:12:34.652 [INFO] com.dreamteam.model2.Elevator: [0;34mUser Christian38 entered Elevator3, active users: 1[0m
2021.11.28 16:12:34.653 [INFO] com.dreamteam.model2.ElevatorA: [0;33mElevatorA3 goes to floor 17, direction: UP[0m
2021.11.28 16:12:34.672 [INFO] com.dreamteam.model2.Floor: [0;35mQueue at floor11, elevator4, queue size: 1[0m
2021.11.28 16:12:34.672 [INFO] com.dreamteam.utils.PassengerFactory: [0;36mNew user: Karina, ID: 88, Start floor: 11, Destination floor: 23, ElevatorA4[0m
2021.11.28 16:12:34.703 [INFO] com.dreamteam.model2.Elevator: [0;33mElevator2, current floor: 22[0m
2021.11.28 16:12:34.705 [INFO] com.dreamteam.model2.Elevator: [0;33mElevator0, current floor: 29[0m
2021.11.28 16:12:34.705 [INFO] com.dreamteam.model2.Elevator: [0;34mUser Vasyl80 added to Elevator0 waiting list, size: 16[0m
2021.11.28 16:12:34.705 [INFO] com.dreamteam.model2.Elevator: [0;34mUser Karina78 added to Elevator0 waiting list, size: 17[0m
2021.11.28 16:12:34.705 [INFO] com.dreamteam.model2.Elevator: [0;34mUser Vasyl77 added to Elevator0 waiting list, size: 18[0m
2021.11.28 16:12:34.706 [INFO] com.dreamteam.model2.Elevator: [0;34mUser Karina76 added to Elevator0 waiting list, size: 19[0m
2021.11.28 16:12:34.731 [INFO] com.dreamteam.model2.Floor: [0;35mQueue at floor3, elevator4, queue size: 1[0m
2021.11.28 16:12:34.732 [INFO] com.dreamteam.utils.PassengerFactory: [0;36mNew user: Katerina, ID: 89, Start floor: 3, Destination floor: 10, ElevatorA4[0m
2021.11.28 16:12:34.764 [INFO] com.dreamteam.model2.Elevator: [0;33mElevator1, current floor: 5[0m
2021.11.28 16:12:34.784 [INFO] com.dreamteam.model2.Elevator: [0;34mUser(s) left Elevator2[0m
2021.11.28 16:12:34.784 [INFO] com.dreamteam.model2.Elevator: [0;34mUser Katerina36 entered Elevator2, active users: 1[0m
2021.11.28 16:12:34.785 [INFO] com.dreamteam.model2.Elevator: [0;34mUser(s) left Elevator0[0m
2021.11.28 16:12:34.785 [INFO] com.dreamteam.model2.ElevatorA: [0;33mElevatorA2 goes to floor 16, direction: DOWN[0m
2021.11.28 16:12:34.786 [INFO] com.dreamteam.model2.Elevator: [0;34mUser Vasyl80 entered Elevator0, active users: 1[0m
2021.11.28 16:12:34.788 [INFO] com.dreamteam.model2.ElevatorA: [0;33mElevatorA0 goes to floor 6, direction: DOWN[0m
2021.11.28 16:12:34.792 [INFO] com.dreamteam.model2.Floor: [0;35mQueue at floor20, elevator2, queue size: 1[0m
2021.11.28 16:12:34.793 [INFO] com.dreamteam.utils.PassengerFactory: [0;36mNew user: Viktoria, ID: 90, Start floor: 20, Destination floor: 3, ElevatorA2[0m
2021.11.28 16:12:34.844 [INFO] com.dreamteam.model2.Elevator: [0;34mUser(s) left Elevator1[0m
2021.11.28 16:12:34.844 [INFO] com.dreamteam.model2.ElevatorA: [0;33mElevatorA1 goes to floor 17, direction: UP[0m
2021.11.28 16:12:34.852 [INFO] com.dreamteam.model2.Floor: [0;35mQueue at floor3, elevator3, queue size: 1[0m
2021.11.28 16:12:34.852 [INFO] com.dreamteam.utils.PassengerFactory: [0;36mNew user: Christian, ID: 91, Start floor: 3, Destination floor: 0, ElevatorA3[0m
2021.11.28 16:12:34.911 [INFO] com.dreamteam.model2.Floor: [0;35mQueue at floor29, elevator0, queue size: 1[0m
2021.11.28 16:12:34.912 [INFO] com.dreamteam.utils.PassengerFactory: [0;36mNew user: Katerina, ID: 92, Start floor: 29, Destination floor: 28, ElevatorA0[0m
2021.11.28 16:12:34.971 [INFO] com.dreamteam.model2.Floor: [0;35mQueue at floor17, elevator2, queue size: 2[0m
2021.11.28 16:12:34.972 [INFO] com.dreamteam.utils.PassengerFactory: [0;36mNew user: Tanchik, ID: 93, Start floor: 17, Destination floor: 19, ElevatorA2[0m
2021.11.28 16:12:35.032 [INFO] com.dreamteam.model2.Floor: [0;35mQueue at floor21, elevator2, queue size: 1[0m
2021.11.28 16:12:35.032 [INFO] com.dreamteam.utils.PassengerFactory: [0;36mNew user: Olexandr, ID: 94, Start floor: 21, Destination floor: 26, ElevatorA2[0m
2021.11.28 16:12:35.089 [INFO] com.dreamteam.model2.Elevator: [0;33mElevator2, current floor: 16[0m
2021.11.28 16:12:35.090 [INFO] com.dreamteam.model2.Elevator: [0;34mUser Olexandr94 added to Elevator2 waiting list, size: 25[0m
2021.11.28 16:12:35.090 [INFO] com.dreamteam.model2.Elevator: [0;34mUser Tanchik93 added to Elevator2 waiting list, size: 26[0m
2021.11.28 16:12:35.090 [INFO] com.dreamteam.model2.Elevator: [0;34mUser Viktoria90 added to Elevator2 waiting list, size: 27[0m
2021.11.28 16:12:35.091 [INFO] com.dreamteam.model2.Floor: [0;35mQueue at floor21, elevator0, queue size: 1[0m
2021.11.28 16:12:35.092 [INFO] com.dreamteam.utils.PassengerFactory: [0;36mNew user: Ivan, ID: 95, Start floor: 21, Destination floor: 15, ElevatorA0[0m
2021.11.28 16:12:35.151 [INFO] com.dreamteam.model2.Floor: [0;35mQueue at floor3, elevator1, queue size: 1[0m
2021.11.28 16:12:35.152 [INFO] com.dreamteam.utils.PassengerFactory: [0;36mNew user: Olexandr, ID: 96, Start floor: 3, Destination floor: 4, ElevatorA1[0m
2021.11.28 16:12:35.170 [INFO] com.dreamteam.model2.Elevator: [0;34mUser(s) left Elevator2[0m
2021.11.28 16:12:35.170 [INFO] com.dreamteam.model2.Elevator: [0;34mUser Vasyl83 entered Elevator2, active users: 1[0m
2021.11.28 16:12:35.170 [INFO] com.dreamteam.model2.ElevatorA: [0;33mElevatorA2 goes to floor 4, direction: DOWN[0m
2021.11.28 16:12:35.211 [INFO] com.dreamteam.model2.Floor: [0;35mQueue at floor3, elevator2, queue size: 2[0m
2021.11.28 16:12:35.212 [INFO] com.dreamteam.utils.PassengerFactory: [0;36mNew user: Tanchik, ID: 97, Start floor: 3, Destination floor: 6, ElevatorA2[0m
2021.11.28 16:12:35.272 [INFO] com.dreamteam.model2.Floor: [0;35mQueue at floor6, elevator4, queue size: 1[0m
2021.11.28 16:12:35.272 [INFO] com.dreamteam.utils.PassengerFactory: [0;36mNew user: Ivan, ID: 98, Start floor: 6, Destination floor: 8, ElevatorA4[0m
2021.11.28 16:12:35.332 [INFO] com.dreamteam.model2.Floor: [0;35mQueue at floor7, elevator0, queue size: 1[0m
2021.11.28 16:12:35.333 [INFO] com.dreamteam.utils.PassengerFactory: [0;36mNew user: Yana, ID: 99, Start floor: 7, Destination floor: 8, ElevatorA0[0m
2021.11.28 16:12:35.391 [INFO] com.dreamteam.model2.Floor: [0;35mQueue at floor19, elevator0, queue size: 1[0m
2021.11.28 16:12:35.392 [INFO] com.dreamteam.utils.PassengerFactory: [0;36mNew user: Vitalik, ID: 100, Start floor: 19, Destination floor: 11, ElevatorA0[0m
2021.11.28 16:12:35.449 [INFO] com.dreamteam.model2.Elevator: [0;33mElevator1, current floor: 17[0m
2021.11.28 16:12:35.449 [INFO] com.dreamteam.model2.Elevator: [0;34mUser Olexandr96 added to Elevator1 waiting list, size: 2[0m
2021.11.28 16:12:35.452 [INFO] com.dreamteam.model2.Floor: [0;35mQueue at floor2, elevator3, queue size: 1[0m
2021.11.28 16:12:35.452 [INFO] com.dreamteam.utils.PassengerFactory: [0;36mNew user: Vitalik, ID: 101, Start floor: 2, Destination floor: 4, ElevatorA3[0m
2021.11.28 16:12:35.510 [INFO] com.dreamteam.model2.Elevator: [0;33mElevator3, current floor: 17[0m
2021.11.28 16:12:35.510 [INFO] com.dreamteam.model2.Elevator: [0;34mUser Vitalik101 added to Elevator3 waiting list, size: 8[0m
2021.11.28 16:12:35.510 [INFO] com.dreamteam.model2.Elevator: [0;34mUser Christian91 added to Elevator3 waiting list, size: 9[0m
2021.11.28 16:12:35.512 [INFO] com.dreamteam.model2.Floor: [0;35mQueue at floor22, elevator2, queue size: 1[0m
2021.11.28 16:12:35.512 [INFO] com.dreamteam.utils.PassengerFactory: [0;36mNew user: Olexandr, ID: 102, Start floor: 22, Destination floor: 13, ElevatorA2[0m
2021.11.28 16:12:35.529 [INFO] com.dreamteam.model2.Elevator: [0;34mNo users left Elevator1[0m
2021.11.28 16:12:35.529 [INFO] com.dreamteam.model2.Elevator: [0;34mUser Olexandr72 entered Elevator1, active users: 1[0m
2021.11.28 16:12:35.530 [INFO] com.dreamteam.model2.ElevatorA: [0;33mElevatorA1 goes to floor 14, direction: DOWN[0m
2021.11.28 16:12:35.571 [INFO] com.dreamteam.model2.Floor: [0;35mQueue at floor23, elevator1, queue size: 1[0m
2021.11.28 16:12:35.572 [INFO] com.dreamteam.utils.PassengerFactory: [0;36mNew user: Ivan, ID: 103, Start floor: 23, Destination floor: 14, ElevatorA1[0m
2021.11.28 16:12:35.590 [INFO] com.dreamteam.model2.Elevator: [0;34mUser(s) left Elevator3[0m
2021.11.28 16:12:35.590 [INFO] com.dreamteam.model2.Elevator: [0;34mUser Katerina61 entered Elevator3, active users: 1[0m
2021.11.28 16:12:35.590 [INFO] com.dreamteam.model2.ElevatorA: [0;33mElevatorA3 goes to floor 16, direction: DOWN[0m
2021.11.28 16:12:35.632 [INFO] com.dreamteam.model2.Floor: [0;35mQueue at floor7, elevator4, queue size: 1[0m
2021.11.28 16:12:35.632 [INFO] com.dreamteam.utils.PassengerFactory: [0;36mNew user: Viktoria, ID: 104, Start floor: 7, Destination floor: 21, ElevatorA4[0m
2021.11.28 16:12:35.641 [INFO] com.dreamteam.model2.Elevator: [0;33mElevator3, current floor: 16[0m
2021.11.28 16:12:35.681 [INFO] com.dreamteam.model2.Elevator: [0;33mElevator1, current floor: 14[0m
2021.11.28 16:12:35.681 [INFO] com.dreamteam.model2.Elevator: [0;34mUser Ivan103 added to Elevator1 waiting list, size: 3[0m
2021.11.28 16:12:35.692 [INFO] com.dreamteam.model2.Floor: [0;35mQueue at floor3, elevator0, queue size: 2[0m
2021.11.28 16:12:35.693 [INFO] com.dreamteam.utils.PassengerFactory: [0;36mNew user: Karina, ID: 105, Start floor: 3, Destination floor: 4, ElevatorA0[0m
2021.11.28 16:12:35.721 [INFO] com.dreamteam.model2.Elevator: [0;34mUser(s) left Elevator3[0m
2021.11.28 16:12:35.721 [INFO] com.dreamteam.model2.ElevatorA: [0;33mElevatorA3 goes to floor 14, direction: DOWN[0m
2021.11.28 16:12:35.731 [INFO] com.dreamteam.model2.Elevator: [0;33mElevator4, current floor: 0[0m
2021.11.28 16:12:35.731 [INFO] com.dreamteam.model2.Elevator: [0;34mUser Viktoria104 added to Elevator4 waiting list, size: 12[0m
2021.11.28 16:12:35.731 [INFO] com.dreamteam.model2.Elevator: [0;34mUser Ivan98 added to Elevator4 waiting list, size: 13[0m
2021.11.28 16:12:35.731 [INFO] com.dreamteam.model2.Elevator: [0;34mUser Katerina89 added to Elevator4 waiting list, size: 14[0m
2021.11.28 16:12:35.732 [INFO] com.dreamteam.model2.Elevator: [0;34mUser Karina88 added to Elevator4 waiting list, size: 15[0m
2021.11.28 16:12:35.751 [INFO] com.dreamteam.model2.Floor: [0;35mQueue at floor16, elevator2, queue size: 1[0m
2021.11.28 16:12:35.752 [INFO] com.dreamteam.utils.PassengerFactory: [0;36mNew user: Tanchik, ID: 106, Start floor: 16, Destination floor: 19, ElevatorA2[0m
2021.11.28 16:12:35.761 [INFO] com.dreamteam.model2.Elevator: [0;34mUser(s) left Elevator1[0m
2021.11.28 16:12:35.761 [INFO] com.dreamteam.model2.ElevatorA: [0;33mElevatorA1 goes to floor 25, direction: UP[0m
2021.11.28 16:12:35.775 [INFO] com.dreamteam.model2.Elevator: [0;33mElevator2, current floor: 4[0m
2021.11.28 16:12:35.776 [INFO] com.dreamteam.model2.Elevator: [0;34mUser Tanchik106 added to Elevator2 waiting list, size: 27[0m
2021.11.28 16:12:35.776 [INFO] com.dreamteam.model2.Elevator: [0;34mUser Olexandr102 added to Elevator2 waiting list, size: 28[0m
2021.11.28 16:12:35.776 [INFO] com.dreamteam.model2.Elevator: [0;34mUser Tanchik97 added to Elevator2 waiting list, size: 29[0m
2021.11.28 16:12:35.811 [INFO] com.dreamteam.model2.Elevator: [0;34mUser(s) left Elevator4[0m
2021.11.28 16:12:35.811 [INFO] com.dreamteam.model2.Elevator: [0;34mUser Vitalik31 entered Elevator4, active users: 1[0m
2021.11.28 16:12:35.811 [INFO] com.dreamteam.model2.Floor: [0;35mQueue at floor7, elevator3, queue size: 1[0m
2021.11.28 16:12:35.812 [INFO] com.dreamteam.model2.ElevatorA: [0;33mElevatorA4 goes to floor 11, direction: UP[0m
2021.11.28 16:12:35.812 [INFO] com.dreamteam.utils.PassengerFactory: [0;36mNew user: Yana, ID: 107, Start floor: 7, Destination floor: 17, ElevatorA3[0m
2021.11.28 16:12:35.822 [INFO] com.dreamteam.model2.Elevator: [0;33mElevator3, current floor: 14[0m
2021.11.28 16:12:35.822 [INFO] com.dreamteam.model2.Elevator: [0;34mUser Yana107 added to Elevator3 waiting list, size: 8[0m
2021.11.28 16:12:35.856 [INFO] com.dreamteam.model2.Elevator: [0;34mUser(s) left Elevator2[0m
2021.11.28 16:12:35.856 [INFO] com.dreamteam.model2.ElevatorA: [0;33mElevatorA2 goes to floor 15, direction: UP[0m
2021.11.28 16:12:35.872 [INFO] com.dreamteam.model2.Floor: [0;35mQueue at floor2, elevator1, queue size: 1[0m
2021.11.28 16:12:35.872 [INFO] com.dreamteam.utils.PassengerFactory: [0;36mNew user: Olexandr, ID: 108, Start floor: 2, Destination floor: 24, ElevatorA1[0m
2021.11.28 16:12:35.902 [INFO] com.dreamteam.model2.Elevator: [0;34mNo users left Elevator3[0m
2021.11.28 16:12:35.903 [INFO] com.dreamteam.model2.Elevator: [0;34mUser Ivan70 entered Elevator3, active users: 1[0m
2021.11.28 16:12:35.903 [INFO] com.dreamteam.model2.ElevatorA: [0;33mElevatorA3 goes to floor 27, direction: UP[0m
2021.11.28 16:12:35.931 [INFO] com.dreamteam.model2.Floor: [0;35mQueue at floor7, elevator1, queue size: 1[0m
2021.11.28 16:12:35.932 [INFO] com.dreamteam.utils.PassengerFactory: [0;36mNew user: Ivan, ID: 109, Start floor: 7, Destination floor: 8, ElevatorA1[0m
2021.11.28 16:12:35.948 [INFO] com.dreamteam.model2.Elevator: [0;33mElevator0, current floor: 6[0m
2021.11.28 16:12:35.948 [INFO] com.dreamteam.model2.Elevator: [0;34mUser Karina105 added to Elevator0 waiting list, size: 19[0m
2021.11.28 16:12:35.948 [INFO] com.dreamteam.model2.Elevator: [0;34mUser Vitalik100 added to Elevator0 waiting list, size: 20[0m
2021.11.28 16:12:35.948 [INFO] com.dreamteam.model2.Elevator: [0;34mUser Yana99 added to Elevator0 waiting list, size: 21[0m
2021.11.28 16:12:35.948 [INFO] com.dreamteam.model2.Elevator: [0;34mUser Ivan95 added to Elevator0 waiting list, size: 22[0m
2021.11.28 16:12:35.949 [INFO] com.dreamteam.model2.Elevator: [0;34mUser Katerina92 added to Elevator0 waiting list, size: 23[0m
2021.11.28 16:12:35.991 [INFO] com.dreamteam.model2.Floor: [0;35mQueue at floor26, elevator0, queue size: 1[0m
2021.11.28 16:12:35.992 [INFO] com.dreamteam.utils.PassengerFactory: [0;36mNew user: Christian, ID: 110, Start floor: 26, Destination floor: 11, ElevatorA0[0m
2021.11.28 16:12:35.992 [INFO] com.dreamteam.model2.Elevator: [0;34mUser Christian110 added to Elevator0 waiting list, size: 24[0m
2021.11.28 16:12:36.028 [INFO] com.dreamteam.model2.Elevator: [0;34mUser(s) left Elevator0[0m
2021.11.28 16:12:36.028 [INFO] com.dreamteam.model2.Elevator: [0;34mUser Yana29 entered Elevator0, active users: 1[0m
2021.11.28 16:12:36.029 [INFO] com.dreamteam.model2.ElevatorA: [0;33mElevatorA0 goes to floor 10, direction: UP[0m
2021.11.28 16:12:36.052 [INFO] com.dreamteam.model2.Floor: [0;35mQueue at floor19, elevator4, queue size: 1[0m
2021.11.28 16:12:36.053 [INFO] com.dreamteam.utils.PassengerFactory: [0;36mNew user: Viktoria, ID: 111, Start floor: 19, Destination floor: 24, ElevatorA4[0m
2021.11.28 16:12:36.111 [INFO] com.dreamteam.model2.Floor: [0;35mQueue at floor29, elevator4, queue size: 1[0m
2021.11.28 16:12:36.112 [INFO] com.dreamteam.utils.PassengerFactory: [0;36mNew user: Katerina, ID: 112, Start floor: 29, Destination floor: 13, ElevatorA4[0m
2021.11.28 16:12:36.171 [INFO] com.dreamteam.model2.Floor: [0;35mQueue at floor29, elevator3, queue size: 1[0m
2021.11.28 16:12:36.172 [INFO] com.dreamteam.utils.PassengerFactory: [0;36mNew user: Vitalik, ID: 113, Start floor: 29, Destination floor: 28, ElevatorA3[0m
2021.11.28 16:12:36.207 [INFO] com.dreamteam.model2.Elevator: [0;34mUser Vitalik113 added to Elevator3 waiting list, size: 9[0m
2021.11.28 16:12:36.207 [INFO] com.dreamteam.model2.Elevator: [0;34mUser Ivan109 added to Elevator1 waiting list, size: 3[0m
2021.11.28 16:12:36.207 [INFO] com.dreamteam.model2.Elevator: [0;34mUser Olexandr108 added to Elevator1 waiting list, size: 4[0m
2021.11.28 16:12:36.208 [INFO] com.dreamteam.model2.Elevator: [0;34mUser Katerina112 added to Elevator4 waiting list, size: 15[0m
2021.11.28 16:12:36.208 [INFO] com.dreamteam.model2.Elevator: [0;34mUser Viktoria111 added to Elevator4 waiting list, size: 16[0m
